{"/home/travis/build/npmtest/node-npmtest-generator-ng-fullstack/test.js":{"path":"/home/travis/build/npmtest/node-npmtest-generator-ng-fullstack/test.js","s":{"1":2,"2":2,"3":2,"4":2,"5":2,"6":2,"7":2,"8":1,"9":2,"10":2,"11":1,"12":1,"13":1,"14":1,"15":2,"16":2,"17":2,"18":2,"19":1,"20":1,"21":2,"22":2,"23":2,"24":1,"25":1,"26":1,"27":1,"28":1,"29":1,"30":1,"31":1,"32":1,"33":1,"34":1,"35":1,"36":1,"37":1,"38":1,"39":2,"40":2,"41":1,"42":2,"43":2,"44":1,"45":2,"46":2,"47":1,"48":2,"49":2,"50":1,"51":1,"52":1,"53":1,"54":1},"b":{"1":[2,1,1,1],"2":[1,1,1,1],"3":[1,1],"4":[1,1],"5":[1,1],"6":[1,1],"7":[1,1],"8":[1,1],"9":[1,1],"10":[1,1,1],"11":[1,1],"12":[1,1],"13":[1,1],"14":[1,1],"15":[1,1],"16":[1,1],"17":[1,1]},"f":{"1":2,"2":2,"3":2,"4":2,"5":2,"6":1,"7":1,"8":1,"9":2,"10":2,"11":2,"12":2,"13":1},"fnMap":{"1":{"name":"(anonymous_1)","line":12,"loc":{"start":{"line":12,"column":1},"end":{"line":12,"column":13}}},"2":{"name":"(anonymous_2)","line":19,"loc":{"start":{"line":19,"column":5},"end":{"line":19,"column":17}}},"3":{"name":"(anonymous_3)","line":23,"loc":{"start":{"line":23,"column":24},"end":{"line":23,"column":36}}},"4":{"name":"(anonymous_4)","line":61,"loc":{"start":{"line":61,"column":5},"end":{"line":61,"column":17}}},"5":{"name":"(anonymous_5)","line":82,"loc":{"start":{"line":82,"column":5},"end":{"line":82,"column":17}}},"6":{"name":"(anonymous_6)","line":91,"loc":{"start":{"line":91,"column":77},"end":{"line":94,"column":10}}},"7":{"name":"(anonymous_7)","line":112,"loc":{"start":{"line":112,"column":83},"end":{"line":115,"column":10}},"skip":true},"8":{"name":"(anonymous_8)","line":123,"loc":{"start":{"line":123,"column":77},"end":{"line":126,"column":10}},"skip":true},"9":{"name":"(anonymous_9)","line":139,"loc":{"start":{"line":139,"column":12},"end":{"line":139,"column":40}},"skip":true},"10":{"name":"(anonymous_10)","line":147,"loc":{"start":{"line":147,"column":77},"end":{"line":150,"column":10}},"skip":true},"11":{"name":"(anonymous_11)","line":158,"loc":{"start":{"line":158,"column":83},"end":{"line":161,"column":10}},"skip":true},"12":{"name":"(anonymous_12)","line":169,"loc":{"start":{"line":169,"column":79},"end":{"line":172,"column":10}},"skip":true},"13":{"name":"(anonymous_13)","line":180,"loc":{"start":{"line":180,"column":75},"end":{"line":183,"column":10}},"skip":true}},"statementMap":{"1":{"start":{"line":12,"column":0},"end":{"line":195,"column":5}},"2":{"start":{"line":14,"column":4},"end":{"line":14,"column":14}},"3":{"start":{"line":19,"column":4},"end":{"line":56,"column":9}},"4":{"start":{"line":21,"column":8},"end":{"line":21,"column":19}},"5":{"start":{"line":23,"column":8},"end":{"line":35,"column":13}},"6":{"start":{"line":24,"column":12},"end":{"line":34,"column":13}},"7":{"start":{"line":25,"column":16},"end":{"line":28,"column":30}},"8":{"start":{"line":30,"column":16},"end":{"line":33,"column":27}},"9":{"start":{"line":37,"column":8},"end":{"line":39,"column":21}},"10":{"start":{"line":40,"column":8},"end":{"line":53,"column":9}},"11":{"start":{"line":43,"column":12},"end":{"line":46,"column":14}},"12":{"start":{"line":47,"column":12},"end":{"line":47,"column":18}},"13":{"start":{"line":50,"column":12},"end":{"line":51,"column":46}},"14":{"start":{"line":52,"column":12},"end":{"line":52,"column":18}},"15":{"start":{"line":55,"column":8},"end":{"line":55,"column":35}},"16":{"start":{"line":61,"column":4},"end":{"line":63,"column":9}},"17":{"start":{"line":62,"column":8},"end":{"line":62,"column":15}},"18":{"start":{"line":64,"column":4},"end":{"line":77,"column":5}},"19":{"start":{"line":70,"column":8},"end":{"line":70,"column":14}},"20":{"start":{"line":76,"column":8},"end":{"line":76,"column":14}},"21":{"start":{"line":82,"column":4},"end":{"line":84,"column":9}},"22":{"start":{"line":83,"column":8},"end":{"line":83,"column":15}},"23":{"start":{"line":85,"column":4},"end":{"line":194,"column":5}},"24":{"start":{"line":91,"column":8},"end":{"line":99,"column":10}},"25":{"start":{"line":98,"column":12},"end":{"line":98,"column":35}},"26":{"start":{"line":102,"column":8},"end":{"line":104,"column":63}},"27":{"start":{"line":105,"column":8},"end":{"line":105,"column":14}},"28":{"start":{"line":112,"column":8},"end":{"line":121,"column":10},"skip":true},"29":{"start":{"line":119,"column":12},"end":{"line":119,"column":55},"skip":true},"30":{"start":{"line":120,"column":12},"end":{"line":120,"column":48},"skip":true},"31":{"start":{"line":123,"column":8},"end":{"line":136,"column":10},"skip":true},"32":{"start":{"line":130,"column":12},"end":{"line":130,"column":76},"skip":true},"33":{"start":{"line":131,"column":12},"end":{"line":131,"column":73},"skip":true},"34":{"start":{"line":132,"column":12},"end":{"line":132,"column":74},"skip":true},"35":{"start":{"line":133,"column":12},"end":{"line":133,"column":79},"skip":true},"36":{"start":{"line":134,"column":12},"end":{"line":134,"column":25},"skip":true},"37":{"start":{"line":135,"column":12},"end":{"line":135,"column":45},"skip":true},"38":{"start":{"line":138,"column":8},"end":{"line":145,"column":14},"skip":true},"39":{"start":{"line":143,"column":16},"end":{"line":143,"column":29},"skip":true},"40":{"start":{"line":144,"column":16},"end":{"line":144,"column":55},"skip":true},"41":{"start":{"line":147,"column":8},"end":{"line":156,"column":10},"skip":true},"42":{"start":{"line":154,"column":12},"end":{"line":154,"column":25},"skip":true},"43":{"start":{"line":155,"column":12},"end":{"line":155,"column":45},"skip":true},"44":{"start":{"line":158,"column":8},"end":{"line":167,"column":10},"skip":true},"45":{"start":{"line":165,"column":12},"end":{"line":165,"column":25},"skip":true},"46":{"start":{"line":166,"column":12},"end":{"line":166,"column":48},"skip":true},"47":{"start":{"line":169,"column":8},"end":{"line":178,"column":10},"skip":true},"48":{"start":{"line":176,"column":12},"end":{"line":176,"column":25},"skip":true},"49":{"start":{"line":177,"column":12},"end":{"line":177,"column":46},"skip":true},"50":{"start":{"line":180,"column":8},"end":{"line":189,"column":10},"skip":true},"51":{"start":{"line":187,"column":12},"end":{"line":187,"column":94},"skip":true},"52":{"start":{"line":188,"column":12},"end":{"line":188,"column":48},"skip":true},"53":{"start":{"line":192,"column":8},"end":{"line":192,"column":35},"skip":true},"54":{"start":{"line":193,"column":8},"end":{"line":193,"column":14},"skip":true}},"branchMap":{"1":{"line":25,"type":"binary-expr","locations":[{"start":{"line":25,"column":23},"end":{"line":25,"column":62}},{"start":{"line":26,"column":20},"end":{"line":26,"column":70}},{"start":{"line":27,"column":20},"end":{"line":27,"column":71}},{"start":{"line":28,"column":20},"end":{"line":28,"column":29}}]},"2":{"line":30,"type":"binary-expr","locations":[{"start":{"line":30,"column":23},"end":{"line":30,"column":37}},{"start":{"line":31,"column":20},"end":{"line":31,"column":61}},{"start":{"line":32,"column":20},"end":{"line":32,"column":70}},{"start":{"line":33,"column":20},"end":{"line":33,"column":26}}]},"3":{"line":37,"type":"cond-expr","locations":[{"start":{"line":38,"column":14},"end":{"line":38,"column":20}},{"start":{"line":39,"column":14},"end":{"line":39,"column":20}}]},"4":{"line":40,"type":"switch","locations":[{"start":{"line":42,"column":8},"end":{"line":47,"column":18}},{"start":{"line":49,"column":8},"end":{"line":52,"column":18}}]},"5":{"line":44,"type":"binary-expr","locations":[{"start":{"line":44,"column":16},"end":{"line":44,"column":44}},{"start":{"line":44,"column":48},"end":{"line":44,"column":66}}]},"6":{"line":50,"type":"binary-expr","locations":[{"start":{"line":50,"column":21},"end":{"line":50,"column":49}},{"start":{"line":50,"column":53},"end":{"line":50,"column":72}}]},"7":{"line":64,"type":"switch","locations":[{"start":{"line":69,"column":4},"end":{"line":70,"column":14}},{"start":{"line":75,"column":4},"end":{"line":76,"column":14}}]},"8":{"line":85,"type":"switch","locations":[{"start":{"line":90,"column":4},"end":{"line":105,"column":14}},{"start":{"line":111,"column":4},"end":{"line":193,"column":14},"skip":true}]},"9":{"line":91,"type":"binary-expr","locations":[{"start":{"line":91,"column":42},"end":{"line":91,"column":73}},{"start":{"line":91,"column":77},"end":{"line":99,"column":9}}]},"10":{"line":102,"type":"binary-expr","locations":[{"start":{"line":102,"column":18},"end":{"line":102,"column":32}},{"start":{"line":103,"column":12},"end":{"line":103,"column":53}},{"start":{"line":104,"column":12},"end":{"line":104,"column":61}}]},"11":{"line":112,"type":"binary-expr","locations":[{"start":{"line":112,"column":45},"end":{"line":112,"column":79},"skip":true},{"start":{"line":112,"column":83},"end":{"line":121,"column":9},"skip":true}]},"12":{"line":123,"type":"binary-expr","locations":[{"start":{"line":123,"column":42},"end":{"line":123,"column":73},"skip":true},{"start":{"line":123,"column":77},"end":{"line":136,"column":9},"skip":true}]},"13":{"line":138,"type":"binary-expr","locations":[{"start":{"line":138,"column":48},"end":{"line":138,"column":85},"skip":true},{"start":{"line":139,"column":12},"end":{"line":145,"column":13},"skip":true}]},"14":{"line":147,"type":"binary-expr","locations":[{"start":{"line":147,"column":42},"end":{"line":147,"column":73},"skip":true},{"start":{"line":147,"column":77},"end":{"line":156,"column":9},"skip":true}]},"15":{"line":158,"type":"binary-expr","locations":[{"start":{"line":158,"column":45},"end":{"line":158,"column":79},"skip":true},{"start":{"line":158,"column":83},"end":{"line":167,"column":9},"skip":true}]},"16":{"line":169,"type":"binary-expr","locations":[{"start":{"line":169,"column":43},"end":{"line":169,"column":75},"skip":true},{"start":{"line":169,"column":79},"end":{"line":178,"column":9},"skip":true}]},"17":{"line":180,"type":"binary-expr","locations":[{"start":{"line":180,"column":41},"end":{"line":180,"column":71},"skip":true},{"start":{"line":180,"column":75},"end":{"line":189,"column":9},"skip":true}]}},"code":["/* istanbul instrument in package npmtest_generator_ng_fullstack */","/*jslint","    bitwise: true,","    browser: true,","    maxerr: 8,","    maxlen: 96,","    node: true,","    nomen: true,","    regexp: true,","    stupid: true","*/","(function () {","    'use strict';","    var local;","","","","    // run shared js-env code - pre-init","    (function () {","        // init local","        local = {};","        // init modeJs","        local.modeJs = (function () {","            try {","                return typeof navigator.userAgent === 'string' &&","                    typeof document.querySelector('body') === 'object' &&","                    typeof XMLHttpRequest.prototype.open === 'function' &&","                    'browser';","            } catch (errorCaughtBrowser) {","                return module.exports &&","                    typeof process.versions.node === 'string' &&","                    typeof require('http').createServer === 'function' &&","                    'node';","            }","        }());","        // init global","        local.global = local.modeJs === 'browser'","            ? window","            : global;","        switch (local.modeJs) {","        // re-init local from window.local","        case 'browser':","            local = local.global.utility2.objectSetDefault(","                local.global.utility2_rollup || local.global.local,","                local.global.utility2","            );","            break;","        // re-init local from example.js","        case 'node':","            local = (local.global.utility2_rollup || require('utility2'))","                .requireExampleJsFromReadme();","            break;","        }","        // export local","        local.global.local = local;","    }());","","","","    // run shared js-env code - function","    (function () {","        return;","    }());","    switch (local.modeJs) {","","","","    // run browser js-env code - function","    case 'browser':","        break;","","","","    // run node js-env code - function","    case 'node':","        break;","    }","","","","    // run shared js-env code - post-init","    (function () {","        return;","    }());","    switch (local.modeJs) {","","","","    // run browser js-env code - post-init","    case 'browser':","        local.testCase_browser_nullCase = local.testCase_browser_nullCase || function (","            options,","            onError","        ) {","        /*","         * this function will test browsers's null-case handling-behavior-behavior","         */","            onError(null, options);","        };","","        // run tests","        local.nop(local.modeTest &&","            document.querySelector('#testRunButton1') &&","            document.querySelector('#testRunButton1').click());","        break;","","","","    // run node js-env code - post-init","    /* istanbul ignore next */","    case 'node':","        local.testCase_buildApidoc_default = local.testCase_buildApidoc_default || function (","            options,","            onError","        ) {","        /*","         * this function will test buildApidoc's default handling-behavior-behavior","         */","            options = { modulePathList: module.paths };","            local.buildApidoc(options, onError);","        };","","        local.testCase_buildApp_default = local.testCase_buildApp_default || function (","            options,","            onError","        ) {","        /*","         * this function will test buildApp's default handling-behavior-behavior","         */","            local.testCase_buildReadme_default(options, local.onErrorThrow);","            local.testCase_buildLib_default(options, local.onErrorThrow);","            local.testCase_buildTest_default(options, local.onErrorThrow);","            local.testCase_buildCustomOrg_default(options, local.onErrorThrow);","            options = [];","            local.buildApp(options, onError);","        };","","        local.testCase_buildCustomOrg_default = local.testCase_buildCustomOrg_default ||","            function (options, onError) {","            /*","             * this function will test buildCustomOrg's default handling-behavior","             */","                options = {};","                local.buildCustomOrg(options, onError);","            };","","        local.testCase_buildLib_default = local.testCase_buildLib_default || function (","            options,","            onError","        ) {","        /*","         * this function will test buildLib's default handling-behavior","         */","            options = {};","            local.buildLib(options, onError);","        };","","        local.testCase_buildReadme_default = local.testCase_buildReadme_default || function (","            options,","            onError","        ) {","        /*","         * this function will test buildReadme's default handling-behavior-behavior","         */","            options = {};","            local.buildReadme(options, onError);","        };","","        local.testCase_buildTest_default = local.testCase_buildTest_default || function (","            options,","            onError","        ) {","        /*","         * this function will test buildTest's default handling-behavior","         */","            options = {};","            local.buildTest(options, onError);","        };","","        local.testCase_webpage_default = local.testCase_webpage_default || function (","            options,","            onError","        ) {","        /*","         * this function will test webpage's default handling-behavior","         */","            options = { modeCoverageMerge: true, url: local.serverLocalHost + '?modeTest=1' };","            local.browserTest(options, onError);","        };","","        // run test-server","        local.testRunServer(local);","        break;","    }","}());",""],"l":{"12":2,"14":2,"19":2,"21":2,"23":2,"24":2,"25":2,"30":1,"37":2,"40":2,"43":1,"47":1,"50":1,"52":1,"55":2,"61":2,"62":2,"64":2,"70":1,"76":1,"82":2,"83":2,"85":2,"91":1,"98":1,"102":1,"105":1,"112":1,"119":1,"120":1,"123":1,"130":1,"131":1,"132":1,"133":1,"134":1,"135":1,"138":1,"143":2,"144":2,"147":1,"154":2,"155":2,"158":1,"165":2,"166":2,"169":1,"176":2,"177":2,"180":1,"187":1,"188":1,"192":1,"193":1}},"/home/travis/build/npmtest/node-npmtest-generator-ng-fullstack/lib.npmtest_generator_ng_fullstack.js":{"path":"/home/travis/build/npmtest/node-npmtest-generator-ng-fullstack/lib.npmtest_generator_ng_fullstack.js","s":{"1":2,"2":2,"3":2,"4":2,"5":2,"6":2,"7":2,"8":1,"9":2,"10":2,"11":2,"12":2,"13":1,"14":1,"15":1,"16":1},"b":{"1":[2,1,1,1],"2":[1,1,1,1],"3":[1,1],"4":[2,2],"5":[1,1]},"f":{"1":2,"2":2,"3":2},"fnMap":{"1":{"name":"(anonymous_1)","line":12,"loc":{"start":{"line":12,"column":1},"end":{"line":12,"column":13}}},"2":{"name":"(anonymous_2)","line":19,"loc":{"start":{"line":19,"column":5},"end":{"line":19,"column":17}}},"3":{"name":"(anonymous_3)","line":23,"loc":{"start":{"line":23,"column":24},"end":{"line":23,"column":36}}}},"statementMap":{"1":{"start":{"line":12,"column":0},"end":{"line":53,"column":5}},"2":{"start":{"line":14,"column":4},"end":{"line":14,"column":14}},"3":{"start":{"line":19,"column":4},"end":{"line":52,"column":9}},"4":{"start":{"line":21,"column":8},"end":{"line":21,"column":19}},"5":{"start":{"line":23,"column":8},"end":{"line":35,"column":13}},"6":{"start":{"line":24,"column":12},"end":{"line":34,"column":13}},"7":{"start":{"line":25,"column":16},"end":{"line":28,"column":30}},"8":{"start":{"line":30,"column":16},"end":{"line":33,"column":27}},"9":{"start":{"line":37,"column":8},"end":{"line":39,"column":21}},"10":{"start":{"line":41,"column":8},"end":{"line":41,"column":54}},"11":{"start":{"line":43,"column":8},"end":{"line":43,"column":67}},"12":{"start":{"line":45,"column":8},"end":{"line":51,"column":9}},"13":{"start":{"line":46,"column":12},"end":{"line":46,"column":73}},"14":{"start":{"line":48,"column":12},"end":{"line":48,"column":35}},"15":{"start":{"line":49,"column":12},"end":{"line":49,"column":49}},"16":{"start":{"line":50,"column":12},"end":{"line":50,"column":43}}},"branchMap":{"1":{"line":25,"type":"binary-expr","locations":[{"start":{"line":25,"column":23},"end":{"line":25,"column":62}},{"start":{"line":26,"column":20},"end":{"line":26,"column":70}},{"start":{"line":27,"column":20},"end":{"line":27,"column":71}},{"start":{"line":28,"column":20},"end":{"line":28,"column":29}}]},"2":{"line":30,"type":"binary-expr","locations":[{"start":{"line":30,"column":23},"end":{"line":30,"column":37}},{"start":{"line":31,"column":20},"end":{"line":31,"column":61}},{"start":{"line":32,"column":20},"end":{"line":32,"column":70}},{"start":{"line":33,"column":20},"end":{"line":33,"column":26}}]},"3":{"line":37,"type":"cond-expr","locations":[{"start":{"line":38,"column":14},"end":{"line":38,"column":20}},{"start":{"line":39,"column":14},"end":{"line":39,"column":20}}]},"4":{"line":41,"type":"binary-expr","locations":[{"start":{"line":41,"column":16},"end":{"line":41,"column":44}},{"start":{"line":41,"column":48},"end":{"line":41,"column":53}}]},"5":{"line":45,"type":"if","locations":[{"start":{"line":45,"column":8},"end":{"line":45,"column":8}},{"start":{"line":45,"column":8},"end":{"line":45,"column":8}}]}},"code":["/* istanbul instrument in package npmtest_generator_ng_fullstack */","/*jslint","    bitwise: true,","    browser: true,","    maxerr: 8,","    maxlen: 96,","    node: true,","    nomen: true,","    regexp: true,","    stupid: true","*/","(function () {","    'use strict';","    var local;","","","","    // run shared js-env code - pre-init","    (function () {","        // init local","        local = {};","        // init modeJs","        local.modeJs = (function () {","            try {","                return typeof navigator.userAgent === 'string' &&","                    typeof document.querySelector('body') === 'object' &&","                    typeof XMLHttpRequest.prototype.open === 'function' &&","                    'browser';","            } catch (errorCaughtBrowser) {","                return module.exports &&","                    typeof process.versions.node === 'string' &&","                    typeof require('http').createServer === 'function' &&","                    'node';","            }","        }());","        // init global","        local.global = local.modeJs === 'browser'","            ? window","            : global;","        // init utility2_rollup","        local = local.global.utility2_rollup || local;","        // init lib","        local.local = local.npmtest_generator_ng_fullstack = local;","        // init exports","        if (local.modeJs === 'browser') {","            local.global.utility2_npmtest_generator_ng_fullstack = local;","        } else {","            module.exports = local;","            module.exports.__dirname = __dirname;","            module.exports.module = module;","        }","    }());","}());",""],"l":{"12":2,"14":2,"19":2,"21":2,"23":2,"24":2,"25":2,"30":1,"37":2,"41":2,"43":2,"45":2,"46":1,"48":1,"49":1,"50":1}},"/home/travis/build/npmtest/node-npmtest-generator-ng-fullstack/example.js":{"path":"/home/travis/build/npmtest/node-npmtest-generator-ng-fullstack/example.js","s":{"1":2,"2":2,"3":2,"4":2,"5":2,"6":2,"7":2,"8":1,"9":2,"10":2,"11":2,"12":2,"13":1,"14":2,"15":2,"16":2,"17":2,"18":2,"19":0,"20":2,"21":1,"22":1,"23":1,"24":1,"25":1,"26":0,"27":0,"28":1,"29":1,"30":2,"31":0,"32":0,"33":0,"34":1,"35":2,"36":2,"37":3,"38":3,"39":3,"40":3,"41":0,"42":3,"43":3,"44":3,"45":1,"46":3,"47":1,"48":1,"49":1,"50":1,"51":1,"52":1,"53":1,"54":1,"55":1,"56":1,"57":0,"58":1,"59":6,"60":6,"61":1,"62":2,"63":0,"64":2,"65":1,"66":1,"67":0,"68":0,"69":0,"70":0,"71":0,"72":0,"73":0,"74":0,"75":0,"76":0,"77":0,"78":0,"79":0,"80":0,"81":0,"82":0,"83":0},"b":{"1":[2,1,1,1],"2":[1,1,1,1],"3":[1,1],"4":[2,2],"5":[1,1],"6":[1,1],"7":[2,0],"8":[2,1,1,1,1,1],"9":[0,2,0],"10":[1,1],"11":[2,1,1],"12":[1,0],"13":[0,2],"14":[2,0,0,0,0,0,0],"15":[0,3],"16":[3,0],"17":[1,1],"18":[0,1],"19":[1,2,0,2],"20":[1,0],"21":[1,1],"22":[0,0],"23":[0,0],"24":[0,0],"25":[0,0],"26":[0,0],"27":[0,0],"28":[0,0]},"f":{"1":2,"2":2,"3":2,"4":2,"5":2,"6":2,"7":3,"8":3,"9":3,"10":1,"11":6,"12":0},"fnMap":{"1":{"name":"(anonymous_1)","line":26,"loc":{"start":{"line":26,"column":1},"end":{"line":26,"column":13}}},"2":{"name":"(anonymous_2)","line":33,"loc":{"start":{"line":33,"column":5},"end":{"line":33,"column":17}}},"3":{"name":"(anonymous_3)","line":37,"loc":{"start":{"line":37,"column":24},"end":{"line":37,"column":36}}},"4":{"name":"(anonymous_4)","line":69,"loc":{"start":{"line":69,"column":31},"end":{"line":69,"column":48}},"skip":true},"5":{"name":"(anonymous_5)","line":78,"loc":{"start":{"line":78,"column":26},"end":{"line":78,"column":45}},"skip":true},"6":{"name":"(anonymous_6)","line":123,"loc":{"start":{"line":123,"column":33},"end":{"line":123,"column":48}},"skip":true},"7":{"name":"(anonymous_7)","line":125,"loc":{"start":{"line":125,"column":27},"end":{"line":125,"column":39}},"skip":true},"8":{"name":"(anonymous_8)","line":133,"loc":{"start":{"line":133,"column":59},"end":{"line":133,"column":74}},"skip":true},"9":{"name":"(anonymous_9)","line":143,"loc":{"start":{"line":143,"column":45},"end":{"line":143,"column":62}},"skip":true},"10":{"name":"(anonymous_10)","line":144,"loc":{"start":{"line":144,"column":73},"end":{"line":144,"column":92}},"skip":true},"11":{"name":"(anonymous_11)","line":272,"loc":{"start":{"line":272,"column":51},"end":{"line":272,"column":77}},"skip":true},"12":{"name":"(anonymous_12)","line":315,"loc":{"start":{"line":315,"column":32},"end":{"line":315,"column":61}},"skip":true}},"statementMap":{"1":{"start":{"line":26,"column":0},"end":{"line":326,"column":5}},"2":{"start":{"line":28,"column":4},"end":{"line":28,"column":14}},"3":{"start":{"line":33,"column":4},"end":{"line":60,"column":9}},"4":{"start":{"line":35,"column":8},"end":{"line":35,"column":19}},"5":{"start":{"line":37,"column":8},"end":{"line":49,"column":13}},"6":{"start":{"line":38,"column":12},"end":{"line":48,"column":13}},"7":{"start":{"line":39,"column":16},"end":{"line":42,"column":30}},"8":{"start":{"line":44,"column":16},"end":{"line":47,"column":27}},"9":{"start":{"line":51,"column":8},"end":{"line":53,"column":21}},"10":{"start":{"line":55,"column":8},"end":{"line":57,"column":45}},"11":{"start":{"line":59,"column":8},"end":{"line":59,"column":35}},"12":{"start":{"line":61,"column":4},"end":{"line":325,"column":5}},"13":{"start":{"line":69,"column":8},"end":{"line":121,"column":10},"skip":true},"14":{"start":{"line":70,"column":12},"end":{"line":88,"column":13},"skip":true},"15":{"start":{"line":76,"column":16},"end":{"line":87,"column":19},"skip":true},"16":{"start":{"line":79,"column":20},"end":{"line":86,"column":21},"skip":true},"17":{"start":{"line":82,"column":24},"end":{"line":82,"column":43},"skip":true},"18":{"start":{"line":83,"column":24},"end":{"line":83,"column":30},"skip":true},"19":{"start":{"line":85,"column":24},"end":{"line":85,"column":49},"skip":true},"20":{"start":{"line":89,"column":12},"end":{"line":107,"column":13},"skip":true},"21":{"start":{"line":92,"column":16},"end":{"line":102,"column":17},"skip":true},"22":{"start":{"line":93,"column":20},"end":{"line":93,"column":86},"skip":true},"23":{"start":{"line":94,"column":20},"end":{"line":95,"column":45},"skip":true},"24":{"start":{"line":96,"column":20},"end":{"line":96,"column":42},"skip":true},"25":{"start":{"line":97,"column":20},"end":{"line":97,"column":48},"skip":true},"26":{"start":{"line":100,"column":20},"end":{"line":100,"column":85},"skip":true},"27":{"start":{"line":101,"column":20},"end":{"line":101,"column":96},"skip":true},"28":{"start":{"line":103,"column":16},"end":{"line":103,"column":22},"skip":true},"29":{"start":{"line":106,"column":16},"end":{"line":106,"column":22},"skip":true},"30":{"start":{"line":108,"column":12},"end":{"line":120,"column":13},"skip":true},"31":{"start":{"line":114,"column":16},"end":{"line":119,"column":17},"skip":true},"32":{"start":{"line":116,"column":20},"end":{"line":116,"column":78},"skip":true},"33":{"start":{"line":118,"column":20},"end":{"line":118,"column":47},"skip":true},"34":{"start":{"line":123,"column":8},"end":{"line":141,"column":11},"skip":true},"35":{"start":{"line":124,"column":12},"end":{"line":124,"column":54},"skip":true},"36":{"start":{"line":125,"column":12},"end":{"line":140,"column":14},"skip":true},"37":{"start":{"line":126,"column":16},"end":{"line":126,"column":28},"skip":true},"38":{"start":{"line":127,"column":16},"end":{"line":127,"column":69},"skip":true},"39":{"start":{"line":128,"column":16},"end":{"line":128,"column":75},"skip":true},"40":{"start":{"line":129,"column":16},"end":{"line":131,"column":17},"skip":true},"41":{"start":{"line":130,"column":20},"end":{"line":130,"column":27},"skip":true},"42":{"start":{"line":133,"column":16},"end":{"line":137,"column":36},"skip":true},"43":{"start":{"line":134,"column":20},"end":{"line":136,"column":55},"skip":true},"44":{"start":{"line":139,"column":16},"end":{"line":139,"column":57},"skip":true},"45":{"start":{"line":143,"column":8},"end":{"line":147,"column":11},"skip":true},"46":{"start":{"line":144,"column":12},"end":{"line":146,"column":15},"skip":true},"47":{"start":{"line":145,"column":16},"end":{"line":145,"column":70},"skip":true},"48":{"start":{"line":149,"column":8},"end":{"line":149,"column":31},"skip":true},"49":{"start":{"line":150,"column":8},"end":{"line":150,"column":14},"skip":true},"50":{"start":{"line":158,"column":8},"end":{"line":158,"column":31},"skip":true},"51":{"start":{"line":160,"column":8},"end":{"line":160,"column":33},"skip":true},"52":{"start":{"line":161,"column":8},"end":{"line":161,"column":37},"skip":true},"53":{"start":{"line":162,"column":8},"end":{"line":162,"column":35},"skip":true},"54":{"start":{"line":164,"column":8},"end":{"line":164,"column":50},"skip":true},"55":{"start":{"line":166,"column":8},"end":{"line":256,"column":2},"skip":true},"56":{"start":{"line":258,"column":8},"end":{"line":286,"column":9},"skip":true},"57":{"start":{"line":259,"column":12},"end":{"line":269,"column":14},"skip":true},"58":{"start":{"line":271,"column":12},"end":{"line":285,"column":19},"skip":true},"59":{"start":{"line":274,"column":20},"end":{"line":274,"column":35},"skip":true},"60":{"start":{"line":275,"column":20},"end":{"line":284,"column":21},"skip":true},"61":{"start":{"line":277,"column":24},"end":{"line":277,"column":64},"skip":true},"62":{"start":{"line":279,"column":24},"end":{"line":279,"column":40},"skip":true},"63":{"start":{"line":281,"column":24},"end":{"line":281,"column":40},"skip":true},"64":{"start":{"line":283,"column":24},"end":{"line":283,"column":39},"skip":true},"65":{"start":{"line":288,"column":8},"end":{"line":290,"column":9},"skip":true},"66":{"start":{"line":289,"column":12},"end":{"line":289,"column":18},"skip":true},"67":{"start":{"line":291,"column":8},"end":{"line":293,"column":54},"skip":true},"68":{"start":{"line":296,"column":8},"end":{"line":301,"column":37},"skip":true},"69":{"start":{"line":303,"column":8},"end":{"line":303,"column":82},"skip":true},"70":{"start":{"line":306,"column":8},"end":{"line":308,"column":9},"skip":true},"71":{"start":{"line":307,"column":12},"end":{"line":307,"column":82},"skip":true},"72":{"start":{"line":310,"column":8},"end":{"line":312,"column":9},"skip":true},"73":{"start":{"line":311,"column":12},"end":{"line":311,"column":18},"skip":true},"74":{"start":{"line":313,"column":8},"end":{"line":313,"column":54},"skip":true},"75":{"start":{"line":314,"column":8},"end":{"line":314,"column":69},"skip":true},"76":{"start":{"line":315,"column":8},"end":{"line":323,"column":36},"skip":true},"77":{"start":{"line":316,"column":12},"end":{"line":316,"column":61},"skip":true},"78":{"start":{"line":317,"column":12},"end":{"line":320,"column":13},"skip":true},"79":{"start":{"line":318,"column":16},"end":{"line":318,"column":75},"skip":true},"80":{"start":{"line":319,"column":16},"end":{"line":319,"column":23},"skip":true},"81":{"start":{"line":321,"column":12},"end":{"line":321,"column":38},"skip":true},"82":{"start":{"line":322,"column":12},"end":{"line":322,"column":27},"skip":true},"83":{"start":{"line":324,"column":8},"end":{"line":324,"column":14},"skip":true}},"branchMap":{"1":{"line":39,"type":"binary-expr","locations":[{"start":{"line":39,"column":23},"end":{"line":39,"column":62}},{"start":{"line":40,"column":20},"end":{"line":40,"column":70}},{"start":{"line":41,"column":20},"end":{"line":41,"column":71}},{"start":{"line":42,"column":20},"end":{"line":42,"column":29}}]},"2":{"line":44,"type":"binary-expr","locations":[{"start":{"line":44,"column":23},"end":{"line":44,"column":37}},{"start":{"line":45,"column":20},"end":{"line":45,"column":61}},{"start":{"line":46,"column":20},"end":{"line":46,"column":70}},{"start":{"line":47,"column":20},"end":{"line":47,"column":26}}]},"3":{"line":51,"type":"cond-expr","locations":[{"start":{"line":52,"column":14},"end":{"line":52,"column":20}},{"start":{"line":53,"column":14},"end":{"line":53,"column":20}}]},"4":{"line":55,"type":"binary-expr","locations":[{"start":{"line":55,"column":16},"end":{"line":55,"column":44}},{"start":{"line":55,"column":49},"end":{"line":57,"column":43}}]},"5":{"line":55,"type":"cond-expr","locations":[{"start":{"line":56,"column":14},"end":{"line":56,"column":66}},{"start":{"line":57,"column":14},"end":{"line":57,"column":43}}]},"6":{"line":61,"type":"switch","locations":[{"start":{"line":68,"column":4},"end":{"line":150,"column":14},"skip":true},{"start":{"line":156,"column":4},"end":{"line":324,"column":14},"skip":true}]},"7":{"line":70,"type":"if","locations":[{"start":{"line":70,"column":12},"end":{"line":70,"column":12},"skip":true},{"start":{"line":70,"column":12},"end":{"line":70,"column":12},"skip":true}]},"8":{"line":70,"type":"binary-expr","locations":[{"start":{"line":70,"column":16},"end":{"line":70,"column":22},"skip":true},{"start":{"line":70,"column":27},"end":{"line":70,"column":32},"skip":true},{"start":{"line":71,"column":20},"end":{"line":71,"column":39},"skip":true},{"start":{"line":72,"column":20},"end":{"line":72,"column":49},"skip":true},{"start":{"line":73,"column":20},"end":{"line":73,"column":58},"skip":true},{"start":{"line":74,"column":20},"end":{"line":74,"column":69},"skip":true}]},"9":{"line":79,"type":"switch","locations":[{"start":{"line":80,"column":20},"end":{"line":80,"column":33},"skip":true},{"start":{"line":81,"column":20},"end":{"line":83,"column":30},"skip":true},{"start":{"line":84,"column":20},"end":{"line":85,"column":49},"skip":true}]},"10":{"line":89,"type":"switch","locations":[{"start":{"line":90,"column":12},"end":{"line":103,"column":22},"skip":true},{"start":{"line":105,"column":12},"end":{"line":106,"column":22},"skip":true}]},"11":{"line":89,"type":"binary-expr","locations":[{"start":{"line":89,"column":20},"end":{"line":89,"column":25},"skip":true},{"start":{"line":89,"column":29},"end":{"line":89,"column":48},"skip":true},{"start":{"line":89,"column":52},"end":{"line":89,"column":74},"skip":true}]},"12":{"line":92,"type":"if","locations":[{"start":{"line":92,"column":16},"end":{"line":92,"column":16},"skip":true},{"start":{"line":92,"column":16},"end":{"line":92,"column":16},"skip":true}]},"13":{"line":108,"type":"if","locations":[{"start":{"line":108,"column":12},"end":{"line":108,"column":12},"skip":true},{"start":{"line":108,"column":12},"end":{"line":108,"column":12},"skip":true}]},"14":{"line":108,"type":"binary-expr","locations":[{"start":{"line":108,"column":16},"end":{"line":108,"column":61},"skip":true},{"start":{"line":108,"column":66},"end":{"line":108,"column":72},"skip":true},{"start":{"line":108,"column":77},"end":{"line":108,"column":82},"skip":true},{"start":{"line":109,"column":20},"end":{"line":109,"column":39},"skip":true},{"start":{"line":110,"column":20},"end":{"line":110,"column":49},"skip":true},{"start":{"line":111,"column":20},"end":{"line":111,"column":58},"skip":true},{"start":{"line":112,"column":20},"end":{"line":112,"column":68},"skip":true}]},"15":{"line":129,"type":"if","locations":[{"start":{"line":129,"column":16},"end":{"line":129,"column":16},"skip":true},{"start":{"line":129,"column":16},"end":{"line":129,"column":16},"skip":true}]},"16":{"line":134,"type":"cond-expr","locations":[{"start":{"line":135,"column":26},"end":{"line":135,"column":29},"skip":true},{"start":{"line":136,"column":26},"end":{"line":136,"column":54},"skip":true}]},"17":{"line":164,"type":"binary-expr","locations":[{"start":{"line":164,"column":27},"end":{"line":164,"column":43},"skip":true},{"start":{"line":164,"column":47},"end":{"line":164,"column":49},"skip":true}]},"18":{"line":258,"type":"if","locations":[{"start":{"line":258,"column":8},"end":{"line":258,"column":8},"skip":true},{"start":{"line":258,"column":8},"end":{"line":258,"column":8},"skip":true}]},"19":{"line":275,"type":"switch","locations":[{"start":{"line":276,"column":20},"end":{"line":277,"column":64},"skip":true},{"start":{"line":278,"column":20},"end":{"line":279,"column":40},"skip":true},{"start":{"line":280,"column":20},"end":{"line":281,"column":40},"skip":true},{"start":{"line":282,"column":20},"end":{"line":283,"column":39},"skip":true}]},"20":{"line":288,"type":"if","locations":[{"start":{"line":288,"column":8},"end":{"line":288,"column":8},"skip":true},{"start":{"line":288,"column":8},"end":{"line":288,"column":8},"skip":true}]},"21":{"line":288,"type":"binary-expr","locations":[{"start":{"line":288,"column":12},"end":{"line":288,"column":40},"skip":true},{"start":{"line":288,"column":44},"end":{"line":288,"column":67},"skip":true}]},"22":{"line":292,"type":"binary-expr","locations":[{"start":{"line":292,"column":12},"end":{"line":292,"column":50},"skip":true},{"start":{"line":293,"column":12},"end":{"line":293,"column":53},"skip":true}]},"23":{"line":297,"type":"binary-expr","locations":[{"start":{"line":297,"column":12},"end":{"line":297,"column":80},"skip":true},{"start":{"line":298,"column":12},"end":{"line":301,"column":36},"skip":true}]},"24":{"line":303,"type":"binary-expr","locations":[{"start":{"line":303,"column":43},"end":{"line":303,"column":75},"skip":true},{"start":{"line":303,"column":79},"end":{"line":303,"column":81},"skip":true}]},"25":{"line":306,"type":"if","locations":[{"start":{"line":306,"column":8},"end":{"line":306,"column":8},"skip":true},{"start":{"line":306,"column":8},"end":{"line":306,"column":8},"skip":true}]},"26":{"line":310,"type":"if","locations":[{"start":{"line":310,"column":8},"end":{"line":310,"column":8},"skip":true},{"start":{"line":310,"column":8},"end":{"line":310,"column":8},"skip":true}]},"27":{"line":313,"type":"binary-expr","locations":[{"start":{"line":313,"column":27},"end":{"line":313,"column":43},"skip":true},{"start":{"line":313,"column":47},"end":{"line":313,"column":53},"skip":true}]},"28":{"line":317,"type":"if","locations":[{"start":{"line":317,"column":12},"end":{"line":317,"column":12},"skip":true},{"start":{"line":317,"column":12},"end":{"line":317,"column":12},"skip":true}]}},"code":["/*","example.js","","quickstart example","","instruction","    1. save this script as example.js","    2. run the shell command:","        $ npm install npmtest-generator-ng-fullstack && PORT=8081 node example.js","    3. play with the browser-demo on http://127.0.0.1:8081","*/","","","","/* istanbul instrument in package npmtest_generator_ng_fullstack */","/*jslint","    bitwise: true,","    browser: true,","    maxerr: 8,","    maxlen: 96,","    node: true,","    nomen: true,","    regexp: true,","    stupid: true","*/","(function () {","    'use strict';","    var local;","","","","    // run shared js-env code - pre-init","    (function () {","        // init local","        local = {};","        // init modeJs","        local.modeJs = (function () {","            try {","                return typeof navigator.userAgent === 'string' &&","                    typeof document.querySelector('body') === 'object' &&","                    typeof XMLHttpRequest.prototype.open === 'function' &&","                    'browser';","            } catch (errorCaughtBrowser) {","                return module.exports &&","                    typeof process.versions.node === 'string' &&","                    typeof require('http').createServer === 'function' &&","                    'node';","            }","        }());","        // init global","        local.global = local.modeJs === 'browser'","            ? window","            : global;","        // init utility2_rollup","        local = local.global.utility2_rollup || (local.modeJs === 'browser'","            ? local.global.utility2_npmtest_generator_ng_fullstack","            : global.utility2_moduleExports);","        // export local","        local.global.local = local;","    }());","    switch (local.modeJs) {","","","","    // post-init","    // run browser js-env code - post-init","    /* istanbul ignore next */","    case 'browser':","        local.testRunBrowser = function (event) {","            if (!event || (event &&","                    event.currentTarget &&","                    event.currentTarget.className &&","                    event.currentTarget.className.includes &&","                    event.currentTarget.className.includes('onreset'))) {","                // reset output","                Array.from(","                    document.querySelectorAll('body > .resettable')","                ).forEach(function (element) {","                    switch (element.tagName) {","                    case 'INPUT':","                    case 'TEXTAREA':","                        element.value = '';","                        break;","                    default:","                        element.textContent = '';","                    }","                });","            }","            switch (event && event.currentTarget && event.currentTarget.id) {","            case 'testRunButton1':","                // show tests","                if (document.querySelector('#testReportDiv1').style.display === 'none') {","                    document.querySelector('#testReportDiv1').style.display = 'block';","                    document.querySelector('#testRunButton1').textContent =","                        'hide internal test';","                    local.modeTest = true;","                    local.testRunDefault(local);","                // hide tests","                } else {","                    document.querySelector('#testReportDiv1').style.display = 'none';","                    document.querySelector('#testRunButton1').textContent = 'run internal test';","                }","                break;","            // custom-case","            default:","                break;","            }","            if (document.querySelector('#inputTextareaEval1') && (!event || (event &&","                    event.currentTarget &&","                    event.currentTarget.className &&","                    event.currentTarget.className.includes &&","                    event.currentTarget.className.includes('oneval')))) {","                // try to eval input-code","                try {","                    /*jslint evil: true*/","                    eval(document.querySelector('#inputTextareaEval1').value);","                } catch (errorCaught) {","                    console.error(errorCaught);","                }","            }","        };","        // log stderr and stdout to #outputTextareaStdout1","        ['error', 'log'].forEach(function (key) {","            console[key + '_original'] = console[key];","            console[key] = function () {","                var element;","                console[key + '_original'].apply(console, arguments);","                element = document.querySelector('#outputTextareaStdout1');","                if (!element) {","                    return;","                }","                // append text to #outputTextareaStdout1","                element.value += Array.from(arguments).map(function (arg) {","                    return typeof arg === 'string'","                        ? arg","                        : JSON.stringify(arg, null, 4);","                }).join(' ') + '\\n';","                // scroll textarea to bottom","                element.scrollTop = element.scrollHeight;","            };","        });","        // init event-handling","        ['change', 'click', 'keyup'].forEach(function (event) {","            Array.from(document.querySelectorAll('.on' + event)).forEach(function (element) {","                element.addEventListener(event, local.testRunBrowser);","            });","        });","        // run tests","        local.testRunBrowser();","        break;","","","","    // run node js-env code - post-init","    /* istanbul ignore next */","    case 'node':","        // export local","        module.exports = local;","        // require modules","        local.fs = require('fs');","        local.http = require('http');","        local.url = require('url');","        // init assets","        local.assetsDict = local.assetsDict || {};","        /* jslint-ignore-begin */","        local.assetsDict['/assets.index.template.html'] = '\\","<!doctype html>\\n\\","<html lang=\"en\">\\n\\","<head>\\n\\","<meta charset=\"UTF-8\">\\n\\","<meta name=\"viewport\" content=\"width=device-width, initial-scale=1\">\\n\\","<title>{{env.npm_package_name}} (v{{env.npm_package_version}})</title>\\n\\","<style>\\n\\","/*csslint\\n\\","    box-sizing: false,\\n\\","    universal-selector: false\\n\\","*/\\n\\","* {\\n\\","    box-sizing: border-box;\\n\\","}\\n\\","body {\\n\\","    background: #dde;\\n\\","    font-family: Arial, Helvetica, sans-serif;\\n\\","    margin: 2rem;\\n\\","}\\n\\","body > * {\\n\\","    margin-bottom: 1rem;\\n\\","}\\n\\",".utility2FooterDiv {\\n\\","    margin-top: 20px;\\n\\","    text-align: center;\\n\\","}\\n\\","</style>\\n\\","<style>\\n\\","/*csslint\\n\\","*/\\n\\","textarea {\\n\\","    font-family: monospace;\\n\\","    height: 10rem;\\n\\","    width: 100%;\\n\\","}\\n\\","textarea[readonly] {\\n\\","    background: #ddd;\\n\\","}\\n\\","</style>\\n\\","</head>\\n\\","<body>\\n\\","<!-- utility2-comment\\n\\","<div id=\"ajaxProgressDiv1\" style=\"background: #d00; height: 2px; left: 0; margin: 0; padding: 0; position: fixed; top: 0; transition: background 0.5s, width 1.5s; width: 25%;\"></div>\\n\\","utility2-comment -->\\n\\","<h1>\\n\\","<!-- utility2-comment\\n\\","    <a\\n\\","        {{#if env.npm_package_homepage}}\\n\\","        href=\"{{env.npm_package_homepage}}\"\\n\\","        {{/if env.npm_package_homepage}}\\n\\","        target=\"_blank\"\\n\\","    >\\n\\","utility2-comment -->\\n\\","        {{env.npm_package_name}} (v{{env.npm_package_version}})\\n\\","<!-- utility2-comment\\n\\","    </a>\\n\\","utility2-comment -->\\n\\","</h1>\\n\\","<h3>{{env.npm_package_description}}</h3>\\n\\","<!-- utility2-comment\\n\\","<h4><a download href=\"assets.app.js\">download standalone app</a></h4>\\n\\","<button class=\"onclick onreset\" id=\"testRunButton1\">run internal test</button><br>\\n\\","<div id=\"testReportDiv1\" style=\"display: none;\"></div>\\n\\","utility2-comment -->\\n\\","\\n\\","\\n\\","\\n\\","<label>stderr and stdout</label>\\n\\","<textarea class=\"resettable\" id=\"outputTextareaStdout1\" readonly></textarea>\\n\\","<!-- utility2-comment\\n\\","{{#if isRollup}}\\n\\","<script src=\"assets.app.js\"></script>\\n\\","{{#unless isRollup}}\\n\\","utility2-comment -->\\n\\","<script src=\"assets.utility2.rollup.js\"></script>\\n\\","<script src=\"jsonp.utility2._stateInit?callback=window.utility2._stateInit\"></script>\\n\\","<script src=\"assets.npmtest_generator_ng_fullstack.rollup.js\"></script>\\n\\","<script src=\"assets.example.js\"></script>\\n\\","<script src=\"assets.test.js\"></script>\\n\\","<!-- utility2-comment\\n\\","{{/if isRollup}}\\n\\","utility2-comment -->\\n\\","<div class=\"utility2FooterDiv\">\\n\\","    [ this app was created with\\n\\","    <a href=\"https://github.com/kaizhu256/node-utility2\" target=\"_blank\">utility2</a>\\n\\","    ]\\n\\","</div>\\n\\","</body>\\n\\","</html>\\n\\","';","        /* jslint-ignore-end */","        if (local.templateRender) {","            local.assetsDict['/'] = local.templateRender(","                local.assetsDict['/assets.index.template.html'],","                {","                    env: local.objectSetDefault(local.env, {","                        npm_package_description: 'the greatest app in the world!',","                        npm_package_name: 'my-app',","                        npm_package_nameAlias: 'my_app',","                        npm_package_version: '0.0.1'","                    })","                }","            );","        } else {","            local.assetsDict['/'] = local.assetsDict['/assets.index.template.html']","                .replace((/\\{\\{env\\.(\\w+?)\\}\\}/g), function (match0, match1) {","                    // jslint-hack","                    String(match0);","                    switch (match1) {","                    case 'npm_package_description':","                        return 'the greatest app in the world!';","                    case 'npm_package_name':","                        return 'my-app';","                    case 'npm_package_nameAlias':","                        return 'my_app';","                    case 'npm_package_version':","                        return '0.0.1';","                    }","                });","        }","        // run the cli","        if (local.global.utility2_rollup || module !== require.main) {","            break;","        }","        local.assetsDict['/assets.example.js'] =","            local.assetsDict['/assets.example.js'] ||","            local.fs.readFileSync(__filename, 'utf8');","        // bug-workaround - long $npm_package_buildCustomOrg","        /* jslint-ignore-begin */","        local.assetsDict['/assets.npmtest_generator_ng_fullstack.rollup.js'] =","            local.assetsDict['/assets.npmtest_generator_ng_fullstack.rollup.js'] ||","            local.fs.readFileSync(","                local.npmtest_generator_ng_fullstack.__dirname + '/lib.npmtest_generator_ng_fullstack.js',","                'utf8'","            ).replace((/^#!/), '//');","        /* jslint-ignore-end */","        local.assetsDict['/favicon.ico'] = local.assetsDict['/favicon.ico'] || '';","        // if $npm_config_timeout_exit exists,","        // then exit this process after $npm_config_timeout_exit ms","        if (Number(process.env.npm_config_timeout_exit)) {","            setTimeout(process.exit, Number(process.env.npm_config_timeout_exit));","        }","        // start server","        if (local.global.utility2_serverHttp1) {","            break;","        }","        process.env.PORT = process.env.PORT || '8081';","        console.error('server starting on port ' + process.env.PORT);","        local.http.createServer(function (request, response) {","            request.urlParsed = local.url.parse(request.url);","            if (local.assetsDict[request.urlParsed.pathname] !== undefined) {","                response.end(local.assetsDict[request.urlParsed.pathname]);","                return;","            }","            response.statusCode = 404;","            response.end();","        }).listen(process.env.PORT);","        break;","    }","}());",""],"l":{"26":2,"28":2,"33":2,"35":2,"37":2,"38":2,"39":2,"44":1,"51":2,"55":2,"59":2,"61":2,"69":1,"70":2,"76":2,"79":2,"82":2,"83":2,"85":1,"89":2,"92":1,"93":1,"94":1,"96":1,"97":1,"100":1,"101":1,"103":1,"106":1,"108":2,"114":1,"116":1,"118":1,"123":1,"124":2,"125":2,"126":3,"127":3,"128":3,"129":3,"130":1,"133":3,"134":3,"139":3,"143":1,"144":3,"145":1,"149":1,"150":1,"158":1,"160":1,"161":1,"162":1,"164":1,"166":1,"258":1,"259":1,"271":1,"274":6,"275":6,"277":1,"279":2,"281":1,"283":2,"288":1,"289":1,"291":1,"296":1,"303":1,"306":1,"307":1,"310":1,"311":1,"313":1,"314":1,"315":1,"316":1,"317":1,"318":1,"319":1,"321":1,"322":1,"324":1}},"/home/travis/build/npmtest/node-npmtest-generator-ng-fullstack/node_modules/generator-ng-fullstack/app/index.js":{"path":"/home/travis/build/npmtest/node-npmtest-generator-ng-fullstack/node_modules/generator-ng-fullstack/app/index.js","s":{"1":1,"2":1,"3":1,"4":0,"5":0,"6":0,"7":0,"8":0,"9":0,"10":0,"11":0,"12":0,"13":0,"14":0,"15":0,"16":0,"17":0,"18":0,"19":0,"20":0},"b":{},"f":{"1":0,"2":0,"3":0,"4":0,"5":0,"6":0,"7":0,"8":0,"9":0,"10":0,"11":0,"12":0,"13":0,"14":0,"15":0,"16":0},"fnMap":{"1":{"name":"(anonymous_1)","line":7,"loc":{"start":{"line":7,"column":15},"end":{"line":7,"column":39}}},"2":{"name":"(anonymous_2)","line":13,"loc":{"start":{"line":13,"column":16},"end":{"line":13,"column":19}}},"3":{"name":"(anonymous_3)","line":17,"loc":{"start":{"line":17,"column":13},"end":{"line":17,"column":16}}},"4":{"name":"(anonymous_4)","line":21,"loc":{"start":{"line":21,"column":11},"end":{"line":21,"column":14}}},"5":{"name":"(anonymous_5)","line":25,"loc":{"start":{"line":25,"column":11},"end":{"line":25,"column":14}}},"6":{"name":"(anonymous_6)","line":29,"loc":{"start":{"line":29,"column":13},"end":{"line":29,"column":16}}},"7":{"name":"(anonymous_7)","line":33,"loc":{"start":{"line":33,"column":16},"end":{"line":33,"column":19}}},"8":{"name":"(anonymous_8)","line":37,"loc":{"start":{"line":37,"column":27},"end":{"line":37,"column":30}}},"9":{"name":"(anonymous_9)","line":41,"loc":{"start":{"line":41,"column":16},"end":{"line":41,"column":19}}},"10":{"name":"(anonymous_10)","line":45,"loc":{"start":{"line":45,"column":32},"end":{"line":45,"column":35}}},"11":{"name":"(anonymous_11)","line":49,"loc":{"start":{"line":49,"column":30},"end":{"line":49,"column":33}}},"12":{"name":"(anonymous_12)","line":53,"loc":{"start":{"line":53,"column":30},"end":{"line":53,"column":33}}},"13":{"name":"(anonymous_13)","line":57,"loc":{"start":{"line":57,"column":16},"end":{"line":57,"column":19}}},"14":{"name":"(anonymous_14)","line":61,"loc":{"start":{"line":61,"column":15},"end":{"line":61,"column":18}}},"15":{"name":"(anonymous_15)","line":65,"loc":{"start":{"line":65,"column":31},"end":{"line":65,"column":34}}},"16":{"name":"(anonymous_16)","line":69,"loc":{"start":{"line":69,"column":17},"end":{"line":69,"column":20}}}},"statementMap":{"1":{"start":{"line":3,"column":0},"end":{"line":3,"column":43}},"2":{"start":{"line":4,"column":0},"end":{"line":4,"column":57}},"3":{"start":{"line":6,"column":0},"end":{"line":72,"column":2}},"4":{"start":{"line":8,"column":8},"end":{"line":8,"column":37}},"5":{"start":{"line":10,"column":8},"end":{"line":10,"column":49}},"6":{"start":{"line":14,"column":6},"end":{"line":14,"column":44}},"7":{"start":{"line":18,"column":6},"end":{"line":18,"column":32}},"8":{"start":{"line":22,"column":6},"end":{"line":22,"column":31}},"9":{"start":{"line":26,"column":6},"end":{"line":26,"column":31}},"10":{"start":{"line":30,"column":6},"end":{"line":30,"column":34}},"11":{"start":{"line":34,"column":6},"end":{"line":34,"column":36}},"12":{"start":{"line":38,"column":6},"end":{"line":38,"column":47}},"13":{"start":{"line":42,"column":6},"end":{"line":42,"column":36}},"14":{"start":{"line":46,"column":6},"end":{"line":46,"column":52}},"15":{"start":{"line":50,"column":6},"end":{"line":50,"column":46}},"16":{"start":{"line":54,"column":6},"end":{"line":54,"column":50}},"17":{"start":{"line":58,"column":6},"end":{"line":58,"column":36}},"18":{"start":{"line":62,"column":6},"end":{"line":62,"column":35}},"19":{"start":{"line":66,"column":6},"end":{"line":66,"column":51}},"20":{"start":{"line":70,"column":6},"end":{"line":70,"column":37}}},"branchMap":{},"code":["\"use strict\";","","const {Base} = require('yeoman-generator');","const {MainGenerator} = require('../_ng/full/generator');","","module.exports = class NgFullstack extends Base {","    constructor(args, options, config) {","        super(args, options, config);","","        this.generator = new MainGenerator(this);","    }","","    initializing() {","      this.pkg = require('../package.json');","    }","","    prompting() {","      this.generator.sayHello();","    }","","    writing() {","      this.generator.writing();","    }","","    install() {","      this.generator.install();","    }","","    prompUser() {","      this.generator.promptUser();","    }","","    promptClient() {","      this.generator.promptClient();","    }","","    promptStylePreprocessor() {","      this.generator.promptStylePreprocessor();","    }","","    promptServer() {","      this.generator.promptServer();","    }","","    promptNodeWebFrameworkServer() {","      this.generator.promptNodeWebFrameworkServer();","    }","","    promptUserTranspilerServer() {","      this.generator.promptTranspilerServer();","    }","","    promptGoWebFrameworkServer() {","      this.generator.promptGoWebFrameworkServer();","    }","","    promptSecure() {","      this.generator.promptSecure();","    }","","    promptTests() {","      this.generator.promptTests();","    }","","    promptDifferentStaticServer() {","      this.generator.promptDifferentStaticServer();","    }","","    promptCordova() {","      this.generator.promptCordova();","    }","};",""],"l":{"3":1,"4":1,"6":1,"8":0,"10":0,"14":0,"18":0,"22":0,"26":0,"30":0,"34":0,"38":0,"42":0,"46":0,"50":0,"54":0,"58":0,"62":0,"66":0,"70":0}},"/home/travis/build/npmtest/node-npmtest-generator-ng-fullstack/node_modules/generator-ng-fullstack/_ng/full/generator.js":{"path":"/home/travis/build/npmtest/node-npmtest-generator-ng-fullstack/node_modules/generator-ng-fullstack/_ng/full/generator.js","s":{"1":1,"2":1,"3":1,"4":1,"5":1,"6":1,"7":1,"8":1,"9":1,"10":1,"11":0,"12":0,"13":0,"14":0,"15":0,"16":0,"17":0,"18":0,"19":0,"20":0,"21":0,"22":0,"23":0,"24":0,"25":0,"26":0,"27":0,"28":0,"29":0,"30":0,"31":0,"32":0,"33":0,"34":0,"35":0,"36":0,"37":0,"38":0,"39":0,"40":0,"41":0,"42":0,"43":0,"44":0,"45":0,"46":0,"47":0,"48":0,"49":0,"50":0,"51":0,"52":0,"53":0,"54":0,"55":0,"56":0,"57":0,"58":0,"59":0,"60":0,"61":0,"62":0,"63":0,"64":0,"65":0,"66":0,"67":0,"68":0,"69":0,"70":0,"71":0,"72":0,"73":0,"74":0,"75":0,"76":0,"77":0,"78":0,"79":0,"80":0,"81":0,"82":0,"83":0,"84":0,"85":0,"86":0,"87":0,"88":0,"89":0,"90":0,"91":0,"92":0,"93":0,"94":0,"95":0,"96":0,"97":0,"98":0,"99":0,"100":0,"101":0,"102":0,"103":0,"104":0,"105":0,"106":0,"107":0,"108":0,"109":0,"110":0,"111":0,"112":0,"113":0,"114":0,"115":0,"116":0,"117":0,"118":0,"119":0,"120":0,"121":0,"122":0,"123":0,"124":0,"125":0,"126":0,"127":0,"128":0,"129":0,"130":0,"131":0,"132":0,"133":0,"134":0,"135":0,"136":0,"137":0,"138":0,"139":0,"140":0,"141":0,"142":0,"143":0,"144":0,"145":0,"146":0,"147":0,"148":0,"149":0,"150":0,"151":0,"152":0,"153":0,"154":0,"155":0,"156":0,"157":0,"158":0,"159":0,"160":0,"161":0,"162":0},"b":{"1":[0,0],"2":[0,0],"3":[0,0],"4":[0,0],"5":[0,0],"6":[0,0],"7":[0,0],"8":[0,0],"9":[0,0],"10":[0,0],"11":[0,0],"12":[0,0],"13":[0,0],"14":[0,0],"15":[0,0],"16":[0,0],"17":[0,0],"18":[0,0],"19":[0,0],"20":[0,0],"21":[0,0]},"f":{"1":0,"2":0,"3":0,"4":0,"5":0,"6":0,"7":0,"8":0,"9":0,"10":0,"11":0,"12":0,"13":0,"14":0,"15":0},"fnMap":{"1":{"name":"(anonymous_1)","line":14,"loc":{"start":{"line":14,"column":13},"end":{"line":14,"column":19}}},"2":{"name":"(anonymous_2)","line":18,"loc":{"start":{"line":18,"column":10},"end":{"line":18,"column":13}}},"3":{"name":"(anonymous_3)","line":22,"loc":{"start":{"line":22,"column":9},"end":{"line":22,"column":12}}},"4":{"name":"(anonymous_4)","line":124,"loc":{"start":{"line":124,"column":9},"end":{"line":124,"column":12}}},"5":{"name":"(anonymous_5)","line":132,"loc":{"start":{"line":132,"column":12},"end":{"line":132,"column":15}}},"6":{"name":"(anonymous_6)","line":213,"loc":{"start":{"line":213,"column":13},"end":{"line":213,"column":16}}},"7":{"name":"(anonymous_7)","line":238,"loc":{"start":{"line":238,"column":14},"end":{"line":238,"column":17}}},"8":{"name":"(anonymous_8)","line":270,"loc":{"start":{"line":270,"column":14},"end":{"line":270,"column":17}}},"9":{"name":"(anonymous_9)","line":304,"loc":{"start":{"line":304,"column":25},"end":{"line":304,"column":28}}},"10":{"name":"(anonymous_10)","line":334,"loc":{"start":{"line":334,"column":30},"end":{"line":334,"column":33}}},"11":{"name":"(anonymous_11)","line":361,"loc":{"start":{"line":361,"column":28},"end":{"line":361,"column":31}}},"12":{"name":"(anonymous_12)","line":388,"loc":{"start":{"line":388,"column":24},"end":{"line":388,"column":27}}},"13":{"name":"(anonymous_13)","line":416,"loc":{"start":{"line":416,"column":14},"end":{"line":416,"column":17}}},"14":{"name":"(anonymous_14)","line":434,"loc":{"start":{"line":434,"column":29},"end":{"line":434,"column":32}}},"15":{"name":"(anonymous_15)","line":455,"loc":{"start":{"line":455,"column":15},"end":{"line":455,"column":18}}}},"statementMap":{"1":{"start":{"line":3,"column":0},"end":{"line":3,"column":31}},"2":{"start":{"line":4,"column":0},"end":{"line":4,"column":31}},"3":{"start":{"line":5,"column":0},"end":{"line":5,"column":56}},"4":{"start":{"line":6,"column":0},"end":{"line":6,"column":52}},"5":{"start":{"line":7,"column":0},"end":{"line":7,"column":54}},"6":{"start":{"line":8,"column":0},"end":{"line":8,"column":54}},"7":{"start":{"line":9,"column":0},"end":{"line":9,"column":46}},"8":{"start":{"line":10,"column":0},"end":{"line":10,"column":60}},"9":{"start":{"line":11,"column":0},"end":{"line":11,"column":60}},"10":{"start":{"line":13,"column":0},"end":{"line":475,"column":2}},"11":{"start":{"line":15,"column":4},"end":{"line":15,"column":23}},"12":{"start":{"line":19,"column":4},"end":{"line":19,"column":101}},"13":{"start":{"line":23,"column":6},"end":{"line":23,"column":45}},"14":{"start":{"line":24,"column":6},"end":{"line":28,"column":8}},"15":{"start":{"line":29,"column":6},"end":{"line":29,"column":65}},"16":{"start":{"line":30,"column":6},"end":{"line":30,"column":40}},"17":{"start":{"line":31,"column":6},"end":{"line":31,"column":56}},"18":{"start":{"line":32,"column":6},"end":{"line":32,"column":60}},"19":{"start":{"line":33,"column":6},"end":{"line":33,"column":40}},"20":{"start":{"line":34,"column":6},"end":{"line":34,"column":100}},"21":{"start":{"line":35,"column":6},"end":{"line":35,"column":100}},"22":{"start":{"line":36,"column":6},"end":{"line":36,"column":56}},"23":{"start":{"line":37,"column":6},"end":{"line":37,"column":56}},"24":{"start":{"line":38,"column":6},"end":{"line":38,"column":40}},"25":{"start":{"line":39,"column":6},"end":{"line":39,"column":88}},"26":{"start":{"line":40,"column":6},"end":{"line":40,"column":62}},"27":{"start":{"line":42,"column":6},"end":{"line":45,"column":9}},"28":{"start":{"line":47,"column":6},"end":{"line":60,"column":9}},"29":{"start":{"line":62,"column":6},"end":{"line":62,"column":77}},"30":{"start":{"line":63,"column":6},"end":{"line":66,"column":9}},"31":{"start":{"line":67,"column":6},"end":{"line":67,"column":79}},"32":{"start":{"line":68,"column":6},"end":{"line":68,"column":65}},"33":{"start":{"line":69,"column":6},"end":{"line":69,"column":67}},"34":{"start":{"line":70,"column":6},"end":{"line":70,"column":53}},"35":{"start":{"line":71,"column":6},"end":{"line":73,"column":9}},"36":{"start":{"line":74,"column":6},"end":{"line":74,"column":57}},"37":{"start":{"line":75,"column":6},"end":{"line":75,"column":63}},"38":{"start":{"line":76,"column":6},"end":{"line":76,"column":54}},"39":{"start":{"line":77,"column":6},"end":{"line":77,"column":53}},"40":{"start":{"line":78,"column":6},"end":{"line":81,"column":9}},"41":{"start":{"line":83,"column":6},"end":{"line":83,"column":55}},"42":{"start":{"line":85,"column":6},"end":{"line":89,"column":7}},"43":{"start":{"line":86,"column":8},"end":{"line":88,"column":11}},"44":{"start":{"line":91,"column":6},"end":{"line":93,"column":7}},"45":{"start":{"line":92,"column":8},"end":{"line":92,"column":54}},"46":{"start":{"line":95,"column":6},"end":{"line":117,"column":7}},"47":{"start":{"line":96,"column":8},"end":{"line":104,"column":9}},"48":{"start":{"line":97,"column":10},"end":{"line":103,"column":13}},"49":{"start":{"line":106,"column":8},"end":{"line":108,"column":9}},"50":{"start":{"line":107,"column":10},"end":{"line":107,"column":99}},"51":{"start":{"line":110,"column":8},"end":{"line":112,"column":9}},"52":{"start":{"line":111,"column":10},"end":{"line":111,"column":95}},"53":{"start":{"line":114,"column":8},"end":{"line":116,"column":9}},"54":{"start":{"line":115,"column":10},"end":{"line":115,"column":99}},"55":{"start":{"line":119,"column":6},"end":{"line":121,"column":7}},"56":{"start":{"line":120,"column":8},"end":{"line":120,"column":75}},"57":{"start":{"line":125,"column":6},"end":{"line":129,"column":9}},"58":{"start":{"line":133,"column":6},"end":{"line":133,"column":40}},"59":{"start":{"line":135,"column":6},"end":{"line":181,"column":10}},"60":{"start":{"line":170,"column":14},"end":{"line":170,"column":55}},"61":{"start":{"line":178,"column":14},"end":{"line":178,"column":55}},"62":{"start":{"line":183,"column":6},"end":{"line":208,"column":9}},"63":{"start":{"line":184,"column":8},"end":{"line":184,"column":45}},"64":{"start":{"line":185,"column":8},"end":{"line":185,"column":47}},"65":{"start":{"line":186,"column":8},"end":{"line":186,"column":49}},"66":{"start":{"line":187,"column":8},"end":{"line":187,"column":41}},"67":{"start":{"line":189,"column":8},"end":{"line":198,"column":9}},"68":{"start":{"line":190,"column":10},"end":{"line":190,"column":50}},"69":{"start":{"line":191,"column":10},"end":{"line":191,"column":54}},"70":{"start":{"line":192,"column":15},"end":{"line":198,"column":9}},"71":{"start":{"line":193,"column":10},"end":{"line":193,"column":53}},"72":{"start":{"line":194,"column":10},"end":{"line":194,"column":54}},"73":{"start":{"line":196,"column":10},"end":{"line":196,"column":55}},"74":{"start":{"line":197,"column":10},"end":{"line":197,"column":59}},"75":{"start":{"line":200,"column":8},"end":{"line":200,"column":65}},"76":{"start":{"line":201,"column":8},"end":{"line":201,"column":67}},"77":{"start":{"line":202,"column":8},"end":{"line":202,"column":69}},"78":{"start":{"line":203,"column":8},"end":{"line":203,"column":61}},"79":{"start":{"line":204,"column":8},"end":{"line":204,"column":73}},"80":{"start":{"line":205,"column":8},"end":{"line":205,"column":77}},"81":{"start":{"line":207,"column":8},"end":{"line":207,"column":15}},"82":{"start":{"line":210,"column":6},"end":{"line":210,"column":33}},"83":{"start":{"line":214,"column":4},"end":{"line":214,"column":38}},"84":{"start":{"line":216,"column":4},"end":{"line":226,"column":6}},"85":{"start":{"line":223,"column":10},"end":{"line":223,"column":109}},"86":{"start":{"line":228,"column":4},"end":{"line":233,"column":7}},"87":{"start":{"line":229,"column":6},"end":{"line":229,"column":57}},"88":{"start":{"line":230,"column":6},"end":{"line":230,"column":77}},"89":{"start":{"line":232,"column":6},"end":{"line":232,"column":13}},"90":{"start":{"line":235,"column":4},"end":{"line":235,"column":31}},"91":{"start":{"line":239,"column":4},"end":{"line":239,"column":38}},"92":{"start":{"line":241,"column":4},"end":{"line":258,"column":6}},"93":{"start":{"line":251,"column":10},"end":{"line":251,"column":58}},"94":{"start":{"line":252,"column":10},"end":{"line":252,"column":64}},"95":{"start":{"line":254,"column":10},"end":{"line":254,"column":43}},"96":{"start":{"line":260,"column":4},"end":{"line":265,"column":7}},"97":{"start":{"line":261,"column":6},"end":{"line":261,"column":41}},"98":{"start":{"line":262,"column":6},"end":{"line":262,"column":102}},"99":{"start":{"line":264,"column":6},"end":{"line":264,"column":13}},"100":{"start":{"line":267,"column":4},"end":{"line":267,"column":31}},"101":{"start":{"line":271,"column":4},"end":{"line":271,"column":38}},"102":{"start":{"line":273,"column":4},"end":{"line":292,"column":6}},"103":{"start":{"line":285,"column":10},"end":{"line":285,"column":58}},"104":{"start":{"line":286,"column":10},"end":{"line":286,"column":64}},"105":{"start":{"line":288,"column":10},"end":{"line":288,"column":43}},"106":{"start":{"line":294,"column":4},"end":{"line":299,"column":7}},"107":{"start":{"line":295,"column":6},"end":{"line":295,"column":41}},"108":{"start":{"line":296,"column":6},"end":{"line":296,"column":102}},"109":{"start":{"line":298,"column":6},"end":{"line":298,"column":13}},"110":{"start":{"line":301,"column":4},"end":{"line":301,"column":31}},"111":{"start":{"line":305,"column":4},"end":{"line":305,"column":38}},"112":{"start":{"line":307,"column":4},"end":{"line":322,"column":6}},"113":{"start":{"line":318,"column":10},"end":{"line":318,"column":49}},"114":{"start":{"line":324,"column":4},"end":{"line":329,"column":7}},"115":{"start":{"line":325,"column":6},"end":{"line":325,"column":63}},"116":{"start":{"line":326,"column":6},"end":{"line":326,"column":83}},"117":{"start":{"line":328,"column":6},"end":{"line":328,"column":13}},"118":{"start":{"line":331,"column":4},"end":{"line":331,"column":31}},"119":{"start":{"line":335,"column":4},"end":{"line":335,"column":38}},"120":{"start":{"line":337,"column":4},"end":{"line":349,"column":7}},"121":{"start":{"line":347,"column":8},"end":{"line":347,"column":67}},"122":{"start":{"line":351,"column":4},"end":{"line":356,"column":7}},"123":{"start":{"line":352,"column":6},"end":{"line":352,"column":73}},"124":{"start":{"line":353,"column":6},"end":{"line":353,"column":93}},"125":{"start":{"line":355,"column":6},"end":{"line":355,"column":13}},"126":{"start":{"line":358,"column":4},"end":{"line":358,"column":31}},"127":{"start":{"line":362,"column":4},"end":{"line":362,"column":38}},"128":{"start":{"line":364,"column":4},"end":{"line":376,"column":7}},"129":{"start":{"line":374,"column":8},"end":{"line":374,"column":65}},"130":{"start":{"line":378,"column":4},"end":{"line":383,"column":7}},"131":{"start":{"line":379,"column":6},"end":{"line":379,"column":69}},"132":{"start":{"line":380,"column":6},"end":{"line":380,"column":89}},"133":{"start":{"line":382,"column":6},"end":{"line":382,"column":13}},"134":{"start":{"line":385,"column":4},"end":{"line":385,"column":31}},"135":{"start":{"line":389,"column":4},"end":{"line":389,"column":38}},"136":{"start":{"line":391,"column":4},"end":{"line":404,"column":7}},"137":{"start":{"line":402,"column":8},"end":{"line":402,"column":67}},"138":{"start":{"line":406,"column":4},"end":{"line":411,"column":7}},"139":{"start":{"line":407,"column":6},"end":{"line":407,"column":61}},"140":{"start":{"line":408,"column":6},"end":{"line":408,"column":81}},"141":{"start":{"line":410,"column":6},"end":{"line":410,"column":13}},"142":{"start":{"line":413,"column":4},"end":{"line":413,"column":31}},"143":{"start":{"line":417,"column":4},"end":{"line":417,"column":38}},"144":{"start":{"line":419,"column":4},"end":{"line":424,"column":7}},"145":{"start":{"line":426,"column":4},"end":{"line":431,"column":7}},"146":{"start":{"line":427,"column":6},"end":{"line":427,"column":41}},"147":{"start":{"line":428,"column":6},"end":{"line":428,"column":61}},"148":{"start":{"line":430,"column":6},"end":{"line":430,"column":13}},"149":{"start":{"line":435,"column":4},"end":{"line":435,"column":38}},"150":{"start":{"line":437,"column":4},"end":{"line":445,"column":7}},"151":{"start":{"line":443,"column":8},"end":{"line":443,"column":50}},"152":{"start":{"line":447,"column":4},"end":{"line":452,"column":7}},"153":{"start":{"line":448,"column":6},"end":{"line":448,"column":71}},"154":{"start":{"line":449,"column":6},"end":{"line":449,"column":91}},"155":{"start":{"line":451,"column":6},"end":{"line":451,"column":13}},"156":{"start":{"line":456,"column":4},"end":{"line":456,"column":38}},"157":{"start":{"line":458,"column":4},"end":{"line":466,"column":7}},"158":{"start":{"line":464,"column":8},"end":{"line":464,"column":84}},"159":{"start":{"line":468,"column":4},"end":{"line":473,"column":7}},"160":{"start":{"line":469,"column":6},"end":{"line":469,"column":43}},"161":{"start":{"line":470,"column":6},"end":{"line":470,"column":63}},"162":{"start":{"line":472,"column":6},"end":{"line":472,"column":13}}},"branchMap":{"1":{"line":34,"type":"binary-expr","locations":[{"start":{"line":34,"column":27},"end":{"line":34,"column":61}},{"start":{"line":34,"column":67},"end":{"line":34,"column":98}}]},"2":{"line":35,"type":"binary-expr","locations":[{"start":{"line":35,"column":27},"end":{"line":35,"column":61}},{"start":{"line":35,"column":67},"end":{"line":35,"column":98}}]},"3":{"line":39,"type":"binary-expr","locations":[{"start":{"line":39,"column":29},"end":{"line":39,"column":63}},{"start":{"line":39,"column":69},"end":{"line":39,"column":86}}]},"4":{"line":79,"type":"binary-expr","locations":[{"start":{"line":79,"column":20},"end":{"line":79,"column":59}},{"start":{"line":79,"column":63},"end":{"line":79,"column":75}}]},"5":{"line":85,"type":"if","locations":[{"start":{"line":85,"column":6},"end":{"line":85,"column":6}},{"start":{"line":85,"column":6},"end":{"line":85,"column":6}}]},"6":{"line":91,"type":"if","locations":[{"start":{"line":91,"column":6},"end":{"line":91,"column":6}},{"start":{"line":91,"column":6},"end":{"line":91,"column":6}}]},"7":{"line":91,"type":"binary-expr","locations":[{"start":{"line":91,"column":10},"end":{"line":91,"column":17}},{"start":{"line":91,"column":21},"end":{"line":91,"column":33}}]},"8":{"line":95,"type":"if","locations":[{"start":{"line":95,"column":6},"end":{"line":95,"column":6}},{"start":{"line":95,"column":6},"end":{"line":95,"column":6}}]},"9":{"line":96,"type":"if","locations":[{"start":{"line":96,"column":8},"end":{"line":96,"column":8}},{"start":{"line":96,"column":8},"end":{"line":96,"column":8}}]},"10":{"line":106,"type":"if","locations":[{"start":{"line":106,"column":8},"end":{"line":106,"column":8}},{"start":{"line":106,"column":8},"end":{"line":106,"column":8}}]},"11":{"line":110,"type":"if","locations":[{"start":{"line":110,"column":8},"end":{"line":110,"column":8}},{"start":{"line":110,"column":8},"end":{"line":110,"column":8}}]},"12":{"line":114,"type":"if","locations":[{"start":{"line":114,"column":8},"end":{"line":114,"column":8}},{"start":{"line":114,"column":8},"end":{"line":114,"column":8}}]},"13":{"line":119,"type":"if","locations":[{"start":{"line":119,"column":6},"end":{"line":119,"column":6}},{"start":{"line":119,"column":6},"end":{"line":119,"column":6}}]},"14":{"line":189,"type":"if","locations":[{"start":{"line":189,"column":8},"end":{"line":189,"column":8}},{"start":{"line":189,"column":8},"end":{"line":189,"column":8}}]},"15":{"line":192,"type":"if","locations":[{"start":{"line":192,"column":15},"end":{"line":192,"column":15}},{"start":{"line":192,"column":15},"end":{"line":192,"column":15}}]},"16":{"line":223,"type":"binary-expr","locations":[{"start":{"line":223,"column":20},"end":{"line":223,"column":69}},{"start":{"line":223,"column":75},"end":{"line":223,"column":106}}]},"17":{"line":254,"type":"binary-expr","locations":[{"start":{"line":254,"column":17},"end":{"line":254,"column":26}},{"start":{"line":254,"column":30},"end":{"line":254,"column":42}}]},"18":{"line":262,"type":"cond-expr","locations":[{"start":{"line":262,"column":62},"end":{"line":262,"column":95}},{"start":{"line":262,"column":98},"end":{"line":262,"column":100}}]},"19":{"line":288,"type":"binary-expr","locations":[{"start":{"line":288,"column":17},"end":{"line":288,"column":26}},{"start":{"line":288,"column":30},"end":{"line":288,"column":42}}]},"20":{"line":296,"type":"cond-expr","locations":[{"start":{"line":296,"column":62},"end":{"line":296,"column":95}},{"start":{"line":296,"column":98},"end":{"line":296,"column":100}}]},"21":{"line":464,"type":"binary-expr","locations":[{"start":{"line":464,"column":16},"end":{"line":464,"column":47}},{"start":{"line":464,"column":53},"end":{"line":464,"column":82}}]}},"code":["\"use strict\";","","const chalk = require('chalk');","const yosay = require('yosay');","const {NodeFactory} = require('../server/node_factory');","const {GoFactory} = require('../server/go_factory');","const {AngularFactory} = require('../client/angular');","const {AureliaFactory} = require('../client/aurelia');","const {VueFactory} = require('../client/vue');","const {ClientFactory} = require('../client/client_factory');","const {ServerFactory} = require('../server/server_factory');","","exports.MainGenerator = class MainGenerator {","  constructor(gen) {","    this.wrapper = gen;","  }","","  sayHello() {","    this.wrapper.log(yosay('Welcome to the terrific ' + chalk.green('NgFullstack') + ' generator!'));","  }","","  writing() {","      let _app = {app: this.wrapper.appName};","      let _user = {","        username: this.wrapper.username,","        userEmail: this.wrapper.userEmail,","        userNameSpace: this.wrapper.userNameSpace","      };","      let _repoHostUrl = {repoHostUrl: this.wrapper.repoHostUrl};","      let _server = this.wrapper.server;","      let _testsSeparated = this.wrapper.testsSeparated;","      let _transpilerServer = this.wrapper.transpilerServer;","      let _client = this.wrapper.client;","      let _copiesServer = (this.wrapper.stack === \"fullstack\") || (this.wrapper.stack === \"server\");","      let _copiesClient = (this.wrapper.stack === \"fullstack\") || (this.wrapper.stack === \"client\");","      let _clientOnly = this.wrapper.stack === \"client\";","      let _serverOnly = this.wrapper.stack === \"server\";","      let _secure = this.wrapper.secure;","      let _usesTypescript = (_transpilerServer === \"typescript\") || (_client === \"ng2\");","      let _stylePreprocessor = this.wrapper.stylePreprocessor;","","      this.wrapper.template('_README.md', 'README.md', {","        app: _app.app,","        userNameSpace: _user.userNameSpace","      });","","      this.wrapper.template('_package.json', 'package.json', {","        app: _app.app,","        username: _user.username,","        repoHostUrl: _repoHostUrl.repoHostUrl,","        userNameSpace: _user.userNameSpace,","        usesTypescript: _usesTypescript,","        client: _client,","        secure: _secure,","        clientOnly: _clientOnly,","        nodeWebFrameworkServer: this.wrapper.nodeWebFrameworkServer,","        testsSeparated: _testsSeparated,","        stylePreprocessor: _stylePreprocessor,","        server: _server","      });","","      this.wrapper.template('_gulpfile.babel.js', 'gulpfile.babel.js', _app);","      this.wrapper.template('_karma.conf.js', 'karma.conf.js', {","        app: _app.app,","        testsSeparated: _testsSeparated","      });","      this.wrapper.template('_protractor.conf.js', 'protractor.conf.js', _app);","      this.wrapper.template('_newrelic.js', 'newrelic.js', _app);","      this.wrapper.template('_procfile.txt', 'procfile.txt', _app);","      this.wrapper.template('_.bowerrc', '.bowerrc');","      this.wrapper.template('_.travis.yml', '.travis.yml', {","        typescript: _usesTypescript","      });","      this.wrapper.template('_.gitignore', '.gitignore');","      this.wrapper.template('_.editorconfig', '.editorconfig');","      this.wrapper.template('_.jshintrc','.jshintrc');","      this.wrapper.template('_.babelrc', '.babelrc');","      this.wrapper.template('tasks/index.js', 'tasks/index.js', {","        nodeServer: _server === ServerFactory.tokens().NODE && !_clientOnly,","        serverOnly: _serverOnly","      });","","      this.wrapper.directory('tests/e2e', 'tests/e2e');","","      if (!_serverOnly) {","        this.wrapper.template('_.alivrc', '.alivrc', {","          secure: _secure","        });","      }","","      if (_secure && !_clientOnly) {","        this.wrapper.directory('cert', 'server/cert');","      }","","      if (_copiesClient) {","        if (_client === AngularFactory.tokens().NG1) {","          this.wrapper.template('_bower.json', 'bower.json', {","            app: _app.app,","            username: _user.username,","            userEmail: _user.userEmail,","            repoHostUrl: _repoHostUrl.repoHostUrl,","            userNameSpace: _user.userNameSpace","          });","        }","","        if (/^ng/.test(_client)) {","          ClientFactory.create(ClientFactory.tokens().ANGULAR, _client, this.wrapper).copyClient();","        }","","        if (/^vue/.test(_client)) {","          ClientFactory.create(ClientFactory.tokens().VUE, _client, this.wrapper).copyClient();","        }","","        if (/^aurelia/.test(_client)) {","          ClientFactory.create(ClientFactory.tokens().AURELIA, _client, this.wrapper).copyClient();","        }","      }","","      if (_copiesServer) {","        ServerFactory.create(_server, this.wrapper).copyForMainGenerator();","      }","  }","","  install() {","      this.wrapper.installDependencies({","        skipInstall: this.wrapper.options['skip-install'],","        npm: true,","        bower: this.wrapper.client === AngularFactory.tokens().NG1","      });","  }","","  promptUser() {","      const done = this.wrapper.async();","","      let prompts =[","          {","            name: 'appName',","            message: 'What is the name of your app?',","            default: 'ng-fullstack-app'","          },","          {","            name: 'username',","            message: 'What is your username?',","            default: 'user.name'","          },","          {","            name: 'userEmail',","            message: 'What is your email (used in your package.json)?',","            default: 'user.email@example.com'","          },","          {","            type: \"list\",","            name: \"stack\",","            message: \"Which stack do you want?\",","            choices: [\"fullstack\", \"client\", \"server\"],","            default: 0","          },","
[...]
_generators_resource.js","s":{"1":1,"2":1,"3":1,"4":1,"5":1,"6":0,"7":0,"8":0,"9":0,"10":0,"11":0,"12":0,"13":0,"14":0,"15":0,"16":0},"b":{"1":[0,0],"2":[0,0]},"f":{"1":0,"2":0,"3":0},"fnMap":{"1":{"name":"(anonymous_1)","line":9,"loc":{"start":{"line":9,"column":13},"end":{"line":9,"column":25}}},"2":{"name":"(anonymous_2)","line":15,"loc":{"start":{"line":15,"column":14},"end":{"line":15,"column":17}}},"3":{"name":"(anonymous_3)","line":23,"loc":{"start":{"line":23,"column":9},"end":{"line":23,"column":12}}}},"statementMap":{"1":{"start":{"line":3,"column":0},"end":{"line":3,"column":57}},"2":{"start":{"line":4,"column":0},"end":{"line":4,"column":46}},"3":{"start":{"line":5,"column":0},"end":{"line":5,"column":57}},"4":{"start":{"line":6,"column":0},"end":{"line":6,"column":64}},"5":{"start":{"line":8,"column":0},"end":{"line":37,"column":2}},"6":{"start":{"line":10,"column":4},"end":{"line":10,"column":29}},"7":{"start":{"line":11,"column":4},"end":{"line":11,"column":60}},"8":{"start":{"line":12,"column":4},"end":{"line":12,"column":62}},"9":{"start":{"line":16,"column":4},"end":{"line":20,"column":7}},"10":{"start":{"line":24,"column":4},"end":{"line":24,"column":66}},"11":{"start":{"line":25,"column":4},"end":{"line":25,"column":38}},"12":{"start":{"line":27,"column":4},"end":{"line":29,"column":5}},"13":{"start":{"line":28,"column":6},"end":{"line":28,"column":38}},"14":{"start":{"line":31,"column":4},"end":{"line":33,"column":5}},"15":{"start":{"line":32,"column":6},"end":{"line":32,"column":64}},"16":{"start":{"line":35,"column":4},"end":{"line":35,"column":83}}},"branchMap":{"1":{"line":27,"type":"if","locations":[{"start":{"line":27,"column":4},"end":{"line":27,"column":4}},{"start":{"line":27,"column":4},"end":{"line":27,"column":4}}]},"2":{"line":31,"type":"if","locations":[{"start":{"line":31,"column":4},"end":{"line":31,"column":4}},{"start":{"line":31,"column":4},"end":{"line":31,"column":4}}]}},"code":["'use strict';","","const optionsParser = require('../utils/options_parser');","const {AngularFactory} = require('./angular');","const {FeatureMissingError} = require('../utils/errors');","const {ModuleDoesntImplementError} = require('../utils/errors');","","exports.ResourceSubGenerator = class ResourceSubGenerator {","  constructor(generator) {","    this.wrapper = generator;","    this.wrapper.client = this.wrapper.config.get('client');","    this.wrapper.appName = this.wrapper.config.get('appName');","  }","","  initializing() {","    this.wrapper.argument('name', {","      required: true,","      type: String,","      desc: 'resource'","    });","  }","","  writing() {","    let _feature = optionsParser.getFeature(this.wrapper.options);","    let _client = this.wrapper.client;","","    if (!_feature.length) {","      throw new FeatureMissingError();","    }","","    if (_client !== AngularFactory.tokens().NG1) {","      throw new ModuleDoesntImplementError(_client, 'resource');","    }","","    AngularFactory.build(AngularFactory.tokens().NG1, this.wrapper).copyResource();","  }","};",""],"l":{"3":1,"4":1,"5":1,"6":1,"8":1,"10":0,"11":0,"12":0,"16":0,"24":0,"25":0,"27":0,"28":0,"31":0,"32":0,"35":0}},"/home/travis/build/npmtest/node-npmtest-generator-ng-fullstack/node_modules/generator-ng-fullstack/_ng/client/sub_generators_service.js":{"path":"/home/travis/build/npmtest/node-npmtest-generator-ng-fullstack/node_modules/generator-ng-fullstack/_ng/client/sub_generators_service.js","s":{"1":1,"2":1,"3":1,"4":1,"5":1,"6":1,"7":0,"8":0,"9":0,"10":0,"11":0,"12":0,"13":0,"14":0,"15":0,"16":0,"17":0,"18":0,"19":0,"20":0,"21":0},"b":{"1":[0,0],"2":[0,0],"3":[0,0],"4":[0,0],"5":[0,0]},"f":{"1":0,"2":0,"3":0},"fnMap":{"1":{"name":"(anonymous_1)","line":10,"loc":{"start":{"line":10,"column":13},"end":{"line":10,"column":25}}},"2":{"name":"(anonymous_2)","line":17,"loc":{"start":{"line":17,"column":14},"end":{"line":17,"column":17}}},"3":{"name":"(anonymous_3)","line":25,"loc":{"start":{"line":25,"column":9},"end":{"line":25,"column":12}}}},"statementMap":{"1":{"start":{"line":3,"column":0},"end":{"line":3,"column":57}},"2":{"start":{"line":4,"column":0},"end":{"line":4,"column":57}},"3":{"start":{"line":5,"column":0},"end":{"line":5,"column":46}},"4":{"start":{"line":6,"column":0},"end":{"line":6,"column":46}},"5":{"start":{"line":7,"column":0},"end":{"line":7,"column":38}},"6":{"start":{"line":9,"column":0},"end":{"line":45,"column":2}},"7":{"start":{"line":11,"column":4},"end":{"line":11,"column":29}},"8":{"start":{"line":12,"column":4},"end":{"line":12,"column":60}},"9":{"start":{"line":13,"column":4},"end":{"line":13,"column":62}},"10":{"start":{"line":14,"column":4},"end":{"line":14,"column":76}},"11":{"start":{"line":18,"column":4},"end":{"line":22,"column":7}},"12":{"start":{"line":26,"column":4},"end":{"line":26,"column":66}},"13":{"start":{"line":27,"column":4},"end":{"line":27,"column":38}},"14":{"start":{"line":29,"column":4},"end":{"line":31,"column":5}},"15":{"start":{"line":30,"column":6},"end":{"line":30,"column":38}},"16":{"start":{"line":33,"column":4},"end":{"line":35,"column":5}},"17":{"start":{"line":34,"column":6},"end":{"line":34,"column":83}},"18":{"start":{"line":37,"column":4},"end":{"line":39,"column":5}},"19":{"start":{"line":38,"column":6},"end":{"line":38,"column":79}},"20":{"start":{"line":41,"column":4},"end":{"line":43,"column":5}},"21":{"start":{"line":42,"column":6},"end":{"line":42,"column":83}}},"branchMap":{"1":{"line":29,"type":"if","locations":[{"start":{"line":29,"column":4},"end":{"line":29,"column":4}},{"start":{"line":29,"column":4},"end":{"line":29,"column":4}}]},"2":{"line":33,"type":"if","locations":[{"start":{"line":33,"column":4},"end":{"line":33,"column":4}},{"start":{"line":33,"column":4},"end":{"line":33,"column":4}}]},"3":{"line":33,"type":"binary-expr","locations":[{"start":{"line":33,"column":9},"end":{"line":33,"column":48}},{"start":{"line":33,"column":54},"end":{"line":33,"column":93}}]},"4":{"line":37,"type":"if","locations":[{"start":{"line":37,"column":4},"end":{"line":37,"column":4}},{"start":{"line":37,"column":4},"end":{"line":37,"column":4}}]},"5":{"line":41,"type":"if","locations":[{"start":{"line":41,"column":4},"end":{"line":41,"column":4}},{"start":{"line":41,"column":4},"end":{"line":41,"column":4}}]}},"code":["'use strict';","","const optionsParser = require('../utils/options_parser');","const {FeatureMissingError} = require('../utils/errors');","const {AngularFactory} = require('./angular');","const {AureliaFactory} = require('./aurelia');","const {VueFactory} = require('./vue');","","exports.ServiceSubGenerator = class ServiceSubGenerator {","  constructor(generator) {","    this.wrapper = generator;","    this.wrapper.client = this.wrapper.config.get('client');","    this.wrapper.appName = this.wrapper.config.get('appName');","    this.wrapper.testsSeparated = this.wrapper.config.get('testsSeparated');","  }","","  initializing() {","    this.wrapper.argument('name', {","      required: true,","      type: String,","      desc: 'service'","    });","  }","","  writing() {","    let _feature = optionsParser.getFeature(this.wrapper.options);","    let _client = this.wrapper.client;","","    if (!_feature.length) {","      throw new FeatureMissingError();","    }","","    if ((_client === AngularFactory.tokens().NG1) || (_client === AngularFactory.tokens().NG2)) {","      return AngularFactory.build(this.wrapper.client, this.wrapper).copyService();","    }","","    if (_client === VueFactory.tokens().VUE2) {","      return VueFactory.build(this.wrapper.client, this.wrapper).copyService();","    }","","    if (_client === AureliaFactory.tokens().AURELIA1) {","      return AureliaFactory.build(this.wrapper.client, this.wrapper).copyService();","    }","  }","};",""],"l":{"3":1,"4":1,"5":1,"6":1,"7":1,"9":1,"11":0,"12":0,"13":0,"14":0,"18":0,"26":0,"27":0,"29":0,"30":0,"33":0,"34":0,"37":0,"38":0,"41":0,"42":0}},"/home/travis/build/npmtest/node-npmtest-generator-ng-fullstack/node_modules/generator-ng-fullstack/_ng/client/sub_generators_style.js":{"path":"/home/travis/build/npmtest/node-npmtest-generator-ng-fullstack/node_modules/generator-ng-fullstack/_ng/client/sub_generators_style.js","s":{"1":1,"2":1,"3":1,"4":1,"5":1,"6":1,"7":0,"8":0,"9":0,"10":0,"11":0,"12":0,"13":0,"14":0,"15":0,"16":0,"17":0,"18":0,"19":0,"20":0},"b":{"1":[0,0],"2":[0,0],"3":[0,0],"4":[0,0],"5":[0,0]},"f":{"1":0,"2":0,"3":0},"fnMap":{"1":{"name":"(anonymous_1)","line":10,"loc":{"start":{"line":10,"column":13},"end":{"line":10,"column":25}}},"2":{"name":"(anonymous_2)","line":16,"loc":{"start":{"line":16,"column":14},"end":{"line":16,"column":17}}},"3":{"name":"(anonymous_3)","line":24,"loc":{"start":{"line":24,"column":9},"end":{"line":24,"column":12}}}},"statementMap":{"1":{"start":{"line":3,"column":0},"end":{"line":3,"column":57}},"2":{"start":{"line":4,"column":0},"end":{"line":4,"column":57}},"3":{"start":{"line":5,"column":0},"end":{"line":5,"column":46}},"4":{"start":{"line":6,"column":0},"end":{"line":6,"column":46}},"5":{"start":{"line":7,"column":0},"end":{"line":7,"column":38}},"6":{"start":{"line":9,"column":0},"end":{"line":44,"column":2}},"7":{"start":{"line":11,"column":4},"end":{"line":11,"column":29}},"8":{"start":{"line":12,"column":4},"end":{"line":12,"column":60}},"9":{"start":{"line":13,"column":4},"end":{"line":13,"column":82}},"10":{"start":{"line":17,"column":4},"end":{"line":21,"column":7}},"11":{"start":{"line":25,"column":4},"end":{"line":25,"column":66}},"12":{"start":{"line":26,"column":4},"end":{"line":26,"column":38}},"13":{"start":{"line":28,"column":4},"end":{"line":30,"column":5}},"14":{"start":{"line":29,"column":6},"end":{"line":29,"column":38}},"15":{"start":{"line":32,"column":4},"end":{"line":34,"column":5}},"16":{"start":{"line":33,"column":6},"end":{"line":33,"column":81}},"17":{"start":{"line":36,"column":4},"end":{"line":38,"column":5}},"18":{"start":{"line":37,"column":6},"end":{"line":37,"column":77}},"19":{"start":{"line":40,"column":4},"end":{"line":42,"column":5}},"20":{"start":{"line":41,"column":6},"end":{"line":41,"column":81}}},"branchMap":{"1":{"line":28,"type":"if","locations":[{"start":{"line":28,"column":4},"end":{"line":28,"column":4}},{"start":{"line":28,"column":4},"end":{"line":28,"column":4}}]},"2":{"line":32,"type":"if","locations":[{"start":{"line":32,"column":4},"end":{"line":32,"column":4}},{"start":{"line":32,"column":4},"end":{"line":32,"column":4}}]},"3":{"line":32,"type":"binary-expr","locations":[{"start":{"line":32,"column":9},"end":{"line":32,"column":48}},{"start":{"line":32,"column":54},"end":{"line":32,"column":93}}]},"4":{"line":36,"type":"if","locations":[{"start":{"line":36,"column":4},"end":{"line":36,"column":4}},{"start":{"line":36,"column":4},"end":{"line":36,"column":4}}]},"5":{"line":40,"type":"if","locations":[{"start":{"line":40,"column":4},"end":{"line":40,"column":4}},{"start":{"line":40,"column":4},"end":{"line":40,"column":4}}]}},"code":["'use strict';","","const optionsParser = require('../utils/options_parser');","const {FeatureMissingError} = require('../utils/errors');","const {AngularFactory} = require('./angular');","const {AureliaFactory} = require('./aurelia');","const {VueFactory} = require('./vue');","","exports.StyleSubGenerator = class StyleSubGenerator {","  constructor(generator) {","    this.wrapper = generator;","    this.wrapper.client = this.wrapper.config.get('client');","    this.wrapper.stylePreprocessor = this.wrapper.config.get('stylePreprocessor');","  }","","  initializing() {","    this.wrapper.argument('name', {","      required: true,","      type: String,","      desc: 'style'","    });","  }","","  writing() {","    let _feature = optionsParser.getFeature(this.wrapper.options);","    let _client = this.wrapper.client;","","    if (!_feature.length) {","      throw new FeatureMissingError();","    }","","    if ((_client === AngularFactory.tokens().NG1) || (_client === AngularFactory.tokens().NG2)) {","      return AngularFactory.build(this.wrapper.client, this.wrapper).copyStyle();","    }","","    if (_client === VueFactory.tokens().VUE2) {","      return VueFactory.build(this.wrapper.client, this.wrapper).copyStyle();","    }","","    if (_client === AureliaFactory.tokens().AURELIA1) {","      return AureliaFactory.build(this.wrapper.client, this.wrapper).copyStyle();","    }","  }","};",""],"l":{"3":1,"4":1,"5":1,"6":1,"7":1,"9":1,"11":0,"12":0,"13":0,"17":0,"25":0,"26":0,"28":0,"29":0,"32":0,"33":0,"36":0,"37":0,"40":0,"41":0}},"/home/travis/build/npmtest/node-npmtest-generator-ng-fullstack/node_modules/generator-ng-fullstack/_ng/client/sub_generators_view.js":{"path":"/home/travis/build/npmtest/node-npmtest-generator-ng-fullstack/node_modules/generator-ng-fullstack/_ng/client/sub_generators_view.js","s":{"1":1,"2":1,"3":1,"4":1,"5":0,"6":0,"7":0,"8":0,"9":0,"10":0,"11":0},"b":{"1":[0,0]},"f":{"1":0,"2":0,"3":0},"fnMap":{"1":{"name":"(anonymous_1)","line":8,"loc":{"start":{"line":8,"column":13},"end":{"line":8,"column":25}}},"2":{"name":"(anonymous_2)","line":13,"loc":{"start":{"line":13,"column":14},"end":{"line":13,"column":17}}},"3":{"name":"(anonymous_3)","line":21,"loc":{"start":{"line":21,"column":9},"end":{"line":21,"column":12}}}},"statementMap":{"1":{"start":{"line":3,"column":0},"end":{"line":3,"column":57}},"2":{"start":{"line":4,"column":0},"end":{"line":4,"column":46}},"3":{"start":{"line":5,"column":0},"end":{"line":5,"column":57}},"4":{"start":{"line":7,"column":0},"end":{"line":30,"column":2}},"5":{"start":{"line":9,"column":4},"end":{"line":9,"column":29}},"6":{"start":{"line":10,"column":4},"end":{"line":10,"column":60}},"7":{"start":{"line":14,"column":4},"end":{"line":18,"column":7}},"8":{"start":{"line":22,"column":4},"end":{"line":22,"column":65}},"9":{"start":{"line":24,"column":4},"end":{"line":26,"column":5}},"10":{"start":{"line":25,"column":6},"end":{"line":25,"column":38}},"11":{"start":{"line":28,"column":4},"end":{"line":28,"column":75}}},"branchMap":{"1":{"line":24,"type":"if","locations":[{"start":{"line":24,"column":4},"end":{"line":24,"column":4}},{"start":{"line":24,"column":4},"end":{"line":24,"column":4}}]}},"code":["'use strict';","","const optionsParser = require('../utils/options_parser');","const {AngularFactory} = require('./angular');","const {FeatureMissingError} = require('../utils/errors');","","exports.ViewSubGenerator = class ViewSubGenerator {","  constructor(generator) {","    this.wrapper = generator;","    this.wrapper.client = this.wrapper.config.get('client');","  }","","  initializing() {","    this.wrapper.argument('name', {","      required: true,","      type: String,","      desc: 'view'","    });","  }","","  writing() {","    let feature = optionsParser.getFeature(this.wrapper.options);","","    if (!feature.length) {","      throw new FeatureMissingError();","    }","","    AngularFactory.build(this.wrapper.client, this.wrapper).copyTemplate();","  }","};",""],"l":{"3":1,"4":1,"5":1,"7":1,"9":0,"10":0,"14":0,"22":0,"24":0,"25":0,"28":0}},"/home/travis/build/npmtest/node-npmtest-generator-ng-fullstack/node_modules/generator-ng-fullstack/_ng/server/sub_generators_endpoint.js":{"path":"/home/travis/build/npmtest/node-npmtest-generator-ng-fullstack/node_modules/generator-ng-fullstack/_ng/server/sub_generators_endpoint.js","s":{"1":1,"2":1,"3":1,"4":1,"5":1,"6":1,"7":0,"8":0,"9":0,"10":0,"11":0,"12":0,"13":0,"14":0,"15":0,"16":0,"17":0,"18":0,"19":0,"20":0,"21":0,"22":0,"23":0,"24":0,"25":0},"b":{"1":[0,0],"2":[0,0],"3":[0,0]},"f":{"1":0,"2":0,"3":0},"fnMap":{"1":{"name":"(anonymous_1)","line":10,"loc":{"start":{"line":10,"column":13},"end":{"line":10,"column":25}}},"2":{"name":"(anonymous_2)","line":28,"loc":{"start":{"line":28,"column":14},"end":{"line":28,"column":17}}},"3":{"name":"(anonymous_3)","line":36,"loc":{"start":{"line":36,"column":9},"end":{"line":36,"column":12}}}},"statementMap":{"1":{"start":{"line":3,"column":0},"end":{"line":3,"column":57}},"2":{"start":{"line":4,"column":0},"end":{"line":4,"column":52}},"3":{"start":{"line":5,"column":0},"end":{"line":5,"column":48}},"4":{"start":{"line":6,"column":0},"end":{"line":6,"column":44}},"5":{"start":{"line":7,"column":0},"end":{"line":7,"column":57}},"6":{"start":{"line":9,"column":0},"end":{"line":45,"column":2}},"7":{"start":{"line":11,"column":4},"end":{"line":11,"column":29}},"8":{"start":{"line":12,"column":4},"end":{"line":12,"column":75}},"9":{"start":{"line":13,"column":4},"end":{"line":13,"column":42}},"10":{"start":{"line":14,"column":4},"end":{"line":14,"column":74}},"11":{"start":{"line":15,"column":4},"end":{"line":15,"column":62}},"12":{"start":{"line":16,"column":4},"end":{"line":16,"column":60}},"13":{"start":{"line":17,"column":4},"end":{"line":17,"column":80}},"14":{"start":{"line":19,"column":4},"end":{"line":23,"column":5}},"15":{"start":{"line":20,"column":6},"end":{"line":20,"column":94}},"16":{"start":{"line":22,"column":6},"end":{"line":22,"column":90}},"17":{"start":{"line":25,"column":4},"end":{"line":25,"column":76}},"18":{"start":{"line":29,"column":4},"end":{"line":33,"column":7}},"19":{"start":{"line":37,"column":4},"end":{"line":38,"column":40}},"20":{"start":{"line":38,"column":8},"end":{"line":38,"column":40}},"21":{"start":{"line":40,"column":4},"end":{"line":43,"column":5}},"22":{"start":{"line":41,"column":40},"end":{"line":41,"column":82}},"23":{"start":{"line":41,"column":83},"end":{"line":41,"column":89}},"24":{"start":{"line":42,"column":42},"end":{"line":42,"column":86}},"25":{"start":{"line":42,"column":87},"end":{"line":42,"column":93}}},"branchMap":{"1":{"line":19,"type":"if","locations":[{"start":{"line":19,"column":4},"end":{"line":19,"column":4}},{"start":{"line":19,"column":4},"end":{"line":19,"column":4}}]},"2":{"line":37,"type":"if","locations":[{"start":{"line":37,"column":4},"end":{"line":37,"column":4}},{"start":{"line":37,"column":4},"end":{"line":37,"column":4}}]},"3":{"line":40,"type":"switch","locations":[{"start":{"line":41,"column":8},"end":{"line":41,"column":89}},{"start":{"line":42,"column":8},"end":{"line":42,"column":93}}]}},"code":["\"use strict\";","","const optionsParser = require('../utils/options_parser');","const {ServerFactory} = require('./server_factory');","const {NodeFactory} = require('./node_factory');","const {GoFactory} = require('./go_factory');","const {FeatureMissingError} = require('../utils/errors');","","exports.EndpointSubGenerator = class EndpointSubGenerator {","  constructor(generator) {","    this.wrapper = generator;","    this.wrapper.feature  = optionsParser.getFeature(this.wrapper.options);","    this.wrapper.name = this.wrapper.name;","    this.wrapper.userNameSpace = this.wrapper.config.get('userNameSpace');","    this.wrapper.appName = this.wrapper.config.get('appName');","    this.wrapper.server = this.wrapper.config.get('server');","    this.wrapper.transpilerServer = this.wrapper.config.get('transpilerServer');","","    if (this.wrapper.server === ServerFactory.tokens().NODE) {","      this.wrapper.nodeWebFrameworkServer = this.wrapper.config.get('nodeWebFrameworkServer');","    } else {","      this.wrapper.goWebFrameworkServer = this.wrapper.config.get('goWebFrameworkServer');","    }","","    this.wrapper.testsSeparated = this.wrapper.config.get('testsSeparated');","  }","","  initializing() {","    this.wrapper.argument('name', {","      required: true,","      type: String,","      desc: 'endpoint'","    });","  }","","  writing() {","    if (!this.wrapper.feature.length)","        throw new FeatureMissingError();","","    switch (this.wrapper.server) {","        case ServerFactory.tokens().GO: GoFactory.build(this.wrapper).copyFiles(); break;","        case ServerFactory.tokens().NODE: NodeFactory.build(this.wrapper).copyFiles(); break;","    }","  }","};",""],"l":{"3":1,"4":1,"5":1,"6":1,"7":1,"9":1,"11":0,"12":0,"13":0,"14":0,"15":0,"16":0,"17":0,"19":0,"20":0,"22":0,"25":0,"29":0,"37":0,"38":0,"40":0,"41":0,"42":0}}}